<?xml version="1.0" encoding="UTF-8"?>
<coverage generated="1703498094732" clover="3.2.0">
  <project timestamp="1703498094733" name="All files">
    <metrics statements="528" coveredstatements="499" conditionals="105" coveredconditionals="89" methods="70" coveredmethods="64" elements="703" coveredelements="652" complexity="0" loc="528" ncloc="528" packages="4" files="15" classes="15"/>
    <package name="src">
      <metrics statements="15" coveredstatements="15" conditionals="0" coveredconditionals="0" methods="0" coveredmethods="0"/>
      <file name="app.ts" path="C:\Documents\_Papierkram\_BHT\_SE5\Web2\we2.backendfixes\src\app.ts">
        <metrics statements="15" coveredstatements="15" conditionals="0" coveredconditionals="0" methods="0" coveredmethods="0"/>
        <line num="1" count="14" type="stmt"/>
        <line num="2" count="14" type="stmt"/>
        <line num="4" count="14" type="stmt"/>
        <line num="5" count="14" type="stmt"/>
        <line num="6" count="14" type="stmt"/>
        <line num="7" count="14" type="stmt"/>
        <line num="8" count="14" type="stmt"/>
        <line num="10" count="14" type="stmt"/>
        <line num="13" count="14" type="stmt"/>
        <line num="14" count="14" type="stmt"/>
        <line num="17" count="14" type="stmt"/>
        <line num="21" count="14" type="stmt"/>
        <line num="22" count="14" type="stmt"/>
        <line num="23" count="14" type="stmt"/>
        <line num="25" count="14" type="stmt"/>
      </file>
    </package>
    <package name="src.model">
      <metrics statements="24" coveredstatements="24" conditionals="5" coveredconditionals="5" methods="3" coveredmethods="3"/>
      <file name="EintragModel.ts" path="C:\Documents\_Papierkram\_BHT\_SE5\Web2\we2.backendfixes\src\model\EintragModel.ts">
        <metrics statements="3" coveredstatements="3" conditionals="0" coveredconditionals="0" methods="0" coveredmethods="0"/>
        <line num="1" count="25" type="stmt"/>
        <line num="12" count="25" type="stmt"/>
        <line num="22" count="25" type="stmt"/>
      </file>
      <file name="PflegerModel.ts" path="C:\Documents\_Papierkram\_BHT\_SE5\Web2\we2.backendfixes\src\model\PflegerModel.ts">
        <metrics statements="18" coveredstatements="18" conditionals="5" coveredconditionals="5" methods="3" coveredmethods="3"/>
        <line num="1" count="29" type="stmt"/>
        <line num="2" count="29" type="stmt"/>
        <line num="16" count="29" type="stmt"/>
        <line num="23" count="29" type="stmt"/>
        <line num="24" count="293" type="cond" truecount="1" falsecount="0"/>
        <line num="25" count="291" type="stmt"/>
        <line num="26" count="291" type="stmt"/>
        <line num="30" count="29" type="stmt"/>
        <line num="31" count="2" type="stmt"/>
        <line num="32" count="2" type="cond" truecount="3" falsecount="0"/>
        <line num="33" count="2" type="stmt"/>
        <line num="34" count="2" type="stmt"/>
        <line num="38" count="29" type="stmt"/>
        <line num="39" count="145" type="cond" truecount="1" falsecount="0"/>
        <line num="40" count="1" type="stmt"/>
        <line num="42" count="144" type="stmt"/>
        <line num="43" count="144" type="stmt"/>
        <line num="46" count="29" type="stmt"/>
      </file>
      <file name="ProtokollModel.ts" path="C:\Documents\_Papierkram\_BHT\_SE5\Web2\we2.backendfixes\src\model\ProtokollModel.ts">
        <metrics statements="3" coveredstatements="3" conditionals="0" coveredconditionals="0" methods="0" coveredmethods="0"/>
        <line num="1" count="26" type="stmt"/>
        <line num="12" count="26" type="stmt"/>
        <line num="22" count="26" type="stmt"/>
      </file>
    </package>
    <package name="src.routes">
      <metrics statements="291" coveredstatements="262" conditionals="52" coveredconditionals="39" methods="42" coveredmethods="36"/>
      <file name="authentication.ts" path="C:\Documents\_Papierkram\_BHT\_SE5\Web2\we2.backendfixes\src\routes\authentication.ts">
        <metrics statements="31" coveredstatements="28" conditionals="4" coveredconditionals="2" methods="2" coveredmethods="2"/>
        <line num="1" count="14" type="stmt"/>
        <line num="2" count="14" type="stmt"/>
        <line num="5" count="14" type="stmt"/>
        <line num="22" count="14" type="stmt"/>
        <line num="24" count="73" type="stmt"/>
        <line num="25" count="73" type="cond" truecount="1" falsecount="0"/>
        <line num="26" count="14" type="stmt"/>
        <line num="28" count="73" type="stmt"/>
        <line num="29" count="73" type="cond" truecount="0" falsecount="1"/>
        <line num="31" count="73" type="stmt"/>
        <line num="32" count="73" type="stmt"/>
        <line num="33" count="59" type="stmt"/>
        <line num="39" count="59" type="stmt"/>
        <line num="40" count="59" type="stmt"/>
        <line num="41" count="59" type="stmt"/>
        <line num="43" count="14" type="stmt"/>
        <line num="44" count="0" type="stmt"/>
        <line num="49" count="14" type="stmt"/>
        <line num="51" count="18" type="stmt"/>
        <line num="52" count="18" type="cond" truecount="1" falsecount="0"/>
        <line num="53" count="5" type="stmt"/>
        <line num="54" count="5" type="cond" truecount="0" falsecount="1"/>
        <line num="56" count="5" type="stmt"/>
        <line num="57" count="5" type="stmt"/>
        <line num="58" count="5" type="stmt"/>
        <line num="63" count="5" type="stmt"/>
        <line num="64" count="5" type="stmt"/>
        <line num="67" count="0" type="stmt"/>
        <line num="68" count="0" type="stmt"/>
        <line num="71" count="18" type="stmt"/>
        <line num="72" count="18" type="stmt"/>
      </file>
      <file name="eintrag.ts" path="C:\Documents\_Papierkram\_BHT\_SE5\Web2\we2.backendfixes\src\routes\eintrag.ts">
        <metrics statements="69" coveredstatements="68" conditionals="18" coveredconditionals="16" methods="8" coveredmethods="8"/>
        <line num="1" count="14" type="stmt"/>
        <line num="2" count="14" type="stmt"/>
        <line num="4" count="14" type="stmt"/>
        <line num="5" count="14" type="stmt"/>
        <line num="6" count="14" type="stmt"/>
        <line num="8" count="14" type="stmt"/>
        <line num="10" count="14" type="stmt"/>
        <line num="13" count="8" type="stmt"/>
        <line num="14" count="8" type="stmt"/>
        <line num="15" count="8" type="cond" truecount="1" falsecount="0"/>
        <line num="16" count="1" type="stmt"/>
        <line num="18" count="8" type="stmt"/>
        <line num="19" count="8" type="stmt"/>
        <line num="20" count="8" type="stmt"/>
        <line num="21" count="6" type="stmt"/>
        <line num="22" count="6" type="cond" truecount="1" falsecount="0"/>
        <line num="23" count="4" type="cond" truecount="3" falsecount="0"/>
        <line num="24" count="1" type="stmt"/>
        <line num="26" count="6" type="stmt"/>
        <line num="28" count="3" type="stmt"/>
        <line num="34" count="14" type="stmt"/>
        <line num="42" count="9" type="stmt"/>
        <line num="43" count="9" type="stmt"/>
        <line num="44" count="9" type="cond" truecount="1" falsecount="0"/>
        <line num="45" count="4" type="stmt"/>
        <line num="46" count="4" type="stmt"/>
        <line num="48" count="5" type="stmt"/>
        <line num="49" count="5" type="stmt"/>
        <line num="50" count="5" type="stmt"/>
        <line num="51" count="5" type="cond" truecount="3" falsecount="0"/>
        <line num="52" count="2" type="stmt"/>
        <line num="54" count="5" type="stmt"/>
        <line num="55" count="4" type="stmt"/>
        <line num="57" count="3" type="stmt"/>
        <line num="58" count="3" type="stmt"/>
        <line num="63" count="14" type="stmt"/>
        <line num="73" count="7" type="stmt"/>
        <line num="74" count="7" type="stmt"/>
        <line num="75" count="7" type="cond" truecount="1" falsecount="0"/>
        <line num="76" count="3" type="stmt"/>
        <line num="77" count="3" type="stmt"/>
        <line num="79" count="4" type="stmt"/>
        <line num="80" count="4" type="stmt"/>
        <line num="82" count="4" type="cond" truecount="1" falsecount="0"/>
        <line num="83" count="1" type="stmt"/>
        <line num="87" count="1" type="stmt"/>
        <line num="89" count="3" type="stmt"/>
        <line num="90" count="3" type="stmt"/>
        <line num="91" count="3" type="cond" truecount="1" falsecount="2"/>
        <line num="92" count="0" type="stmt"/>
        <line num="93" count="3" type="stmt"/>
        <line num="94" count="2" type="stmt"/>
        <line num="96" count="1" type="stmt"/>
        <line num="97" count="1" type="stmt"/>
        <line num="102" count="14" type="stmt"/>
        <line num="106" count="7" type="stmt"/>
        <line num="107" count="7" type="stmt"/>
        <line num="108" count="7" type="cond" truecount="1" falsecount="0"/>
        <line num="109" count="1" type="stmt"/>
        <line num="111" count="6" type="stmt"/>
        <line num="112" count="6" type="stmt"/>
        <line num="113" count="6" type="stmt"/>
        <line num="114" count="5" type="stmt"/>
        <line num="115" count="5" type="cond" truecount="3" falsecount="0"/>
        <line num="116" count="2" type="stmt"/>
        <line num="117" count="5" type="stmt"/>
        <line num="118" count="5" type="stmt"/>
        <line num="120" count="3" type="stmt"/>
        <line num="121" count="3" type="stmt"/>
      </file>
      <file name="login.ts" path="C:\Documents\_Papierkram\_BHT\_SE5\Web2\we2.backendfixes\src\routes\login.ts">
        <metrics statements="32" coveredstatements="16" conditionals="3" coveredconditionals="1" methods="6" coveredmethods="2"/>
        <line num="3" count="14" type="stmt"/>
        <line num="4" count="14" type="stmt"/>
        <line num="5" count="14" type="stmt"/>
        <line num="7" count="14" type="stmt"/>
        <line num="9" count="68" type="stmt"/>
        <line num="10" count="68" type="stmt"/>
        <line num="11" count="68" type="stmt"/>
        <line num="12" count="68" type="stmt"/>
        <line num="14" count="68" type="stmt"/>
        <line num="15" count="68" type="cond" truecount="1" falsecount="0"/>
        <line num="16" count="66" type="stmt"/>
        <line num="17" count="66" type="stmt"/>
        <line num="18" count="66" type="stmt"/>
        <line num="20" count="68" type="stmt"/>
        <line num="22" count="0" type="stmt"/>
        <line num="23" count="0" type="stmt"/>
        <line num="27" count="14" type="stmt"/>
        <line num="28" count="0" type="stmt"/>
        <line num="30" count="0" type="cond" truecount="0" falsecount="1"/>
        <line num="31" count="0" type="stmt"/>
        <line num="32" count="0" type="stmt"/>
        <line num="34" count="0" type="cond" truecount="0" falsecount="1"/>
        <line num="35" count="0" type="stmt"/>
        <line num="36" count="0" type="stmt"/>
        <line num="39" count="0" type="stmt"/>
        <line num="40" count="0" type="stmt"/>
        <line num="41" count="0" type="stmt"/>
        <line num="43" count="0" type="stmt"/>
        <line num="44" count="0" type="stmt"/>
        <line num="48" count="14" type="stmt"/>
        <line num="49" count="0" type="stmt"/>
        <line num="50" count="0" type="stmt"/>
      </file>
      <file name="pfleger.ts" path="C:\Documents\_Papierkram\_BHT\_SE5\Web2\we2.backendfixes\src\routes\pfleger.ts">
        <metrics statements="67" coveredstatements="62" conditionals="12" coveredconditionals="9" methods="12" coveredmethods="10"/>
        <line num="1" count="14" type="stmt"/>
        <line num="2" count="14" type="stmt"/>
        <line num="4" count="14" type="stmt"/>
        <line num="5" count="14" type="stmt"/>
        <line num="7" count="14" type="stmt"/>
        <line num="9" count="14" type="stmt"/>
        <line num="10" count="2" type="stmt"/>
        <line num="13" count="14" type="stmt"/>
        <line num="14" count="0" type="stmt"/>
        <line num="17" count="14" type="stmt"/>
        <line num="19" count="2" type="stmt"/>
        <line num="20" count="2" type="stmt"/>
        <line num="21" count="2" type="cond" truecount="1" falsecount="0"/>
        <line num="22" count="2" type="stmt"/>
        <line num="23" count="2" type="stmt"/>
        <line num="25" count="2" type="stmt"/>
        <line num="29" count="14" type="stmt"/>
        <line num="32" count="6" type="stmt"/>
        <line num="33" count="6" type="stmt"/>
        <line num="34" count="6" type="cond" truecount="1" falsecount="0"/>
        <line num="35" count="1" type="stmt"/>
        <line num="37" count="5" type="stmt"/>
        <line num="38" count="5" type="cond" truecount="3" falsecount="0"/>
        <line num="39" count="2" type="stmt"/>
        <line num="40" count="5" type="stmt"/>
        <line num="41" count="5" type="stmt"/>
        <line num="42" count="4" type="stmt"/>
        <line num="44" count="3" type="stmt"/>
        <line num="45" count="3" type="stmt"/>
        <line num="50" count="14" type="stmt"/>
        <line num="55" count="5" type="stmt"/>
        <line num="56" count="5" type="stmt"/>
        <line num="57" count="5" type="cond" truecount="1" falsecount="0"/>
        <line num="58" count="2" type="stmt"/>
        <line num="60" count="3" type="stmt"/>
        <line num="61" count="3" type="stmt"/>
        <line num="62" count="3" type="cond" truecount="0" falsecount="1"/>
        <line num="63" count="0" type="stmt"/>
        <line num="65" count="3" type="stmt"/>
        <line num="66" count="3" type="stmt"/>
        <line num="67" count="1" type="stmt"/>
        <line num="69" count="2" type="stmt"/>
        <line num="70" count="2" type="cond" truecount="1" falsecount="0"/>
        <line num="71" count="2" type="stmt"/>
        <line num="79" count="2" type="stmt"/>
        <line num="80" count="0" type="stmt"/>
        <line num="85" count="14" type="stmt"/>
        <line num="93" count="4" type="stmt"/>
        <line num="94" count="4" type="stmt"/>
        <line num="95" count="4" type="cond" truecount="1" falsecount="0"/>
        <line num="96" count="1" type="stmt"/>
        <line num="98" count="3" type="stmt"/>
        <line num="99" count="3" type="stmt"/>
        <line num="100" count="3" type="cond" truecount="1" falsecount="0"/>
        <line num="101" count="1" type="stmt"/>
        <line num="105" count="1" type="stmt"/>
        <line num="107" count="2" type="stmt"/>
        <line num="108" count="2" type="cond" truecount="0" falsecount="1"/>
        <line num="109" count="0" type="stmt"/>
        <line num="111" count="2" type="stmt"/>
        <line num="112" count="2" type="stmt"/>
        <line num="113" count="1" type="stmt"/>
        <line num="115" count="1" type="stmt"/>
        <line num="116" count="1" type="cond" truecount="0" falsecount="1"/>
        <line num="117" count="0" type="stmt"/>
        <line num="125" count="1" type="stmt"/>
        <line num="126" count="1" type="stmt"/>
      </file>
      <file name="protokoll.ts" path="C:\Documents\_Papierkram\_BHT\_SE5\Web2\we2.backendfixes\src\routes\protokoll.ts">
        <metrics statements="92" coveredstatements="88" conditionals="15" coveredconditionals="11" methods="14" coveredmethods="14"/>
        <line num="1" count="14" type="stmt"/>
        <line num="2" count="14" type="stmt"/>
        <line num="3" count="14" type="stmt"/>
        <line num="5" count="14" type="stmt"/>
        <line num="6" count="14" type="stmt"/>
        <line num="7" count="14" type="stmt"/>
        <line num="9" count="14" type="stmt"/>
        <line num="11" count="14" type="stmt"/>
        <line num="12" count="1" type="stmt"/>
        <line num="15" count="14" type="stmt"/>
        <line num="18" count="4" type="stmt"/>
        <line num="19" count="4" type="stmt"/>
        <line num="20" count="4" type="cond" truecount="1" falsecount="0"/>
        <line num="21" count="1" type="stmt"/>
        <line num="23" count="3" type="stmt"/>
        <line num="25" count="3" type="stmt"/>
        <line num="26" count="3" type="stmt"/>
        <line num="27" count="2" type="cond" truecount="1" falsecount="2"/>
        <line num="29" count="0" type="stmt"/>
        <line num="32" count="2" type="stmt"/>
        <line num="33" count="2" type="stmt"/>
        <line num="35" count="1" type="stmt"/>
        <line num="36" count="1" type="stmt"/>
        <line num="41" count="14" type="stmt"/>
        <line num="43" count="3" type="stmt"/>
        <line num="44" count="3" type="stmt"/>
        <line num="45" count="3" type="stmt"/>
        <line num="46" count="3" type="stmt"/>
        <line num="49" count="14" type="stmt"/>
        <line num="52" count="3" type="stmt"/>
        <line num="53" count="3" type="stmt"/>
        <line num="54" count="3" type="cond" truecount="1" falsecount="0"/>
        <line num="55" count="1" type="stmt"/>
        <line num="57" count="2" type="stmt"/>
        <line num="58" count="2" type="stmt"/>
        <line num="59" count="2" type="stmt"/>
        <line num="60" count="1" type="cond" truecount="1" falsecount="0"/>
        <line num="61" count="1" type="stmt"/>
        <line num="62" count="1" type="cond" truecount="1" falsecount="0"/>
        <line num="63" count="1" type="stmt"/>
        <line num="65" count="0" type="stmt"/>
        <line num="67" count="2" type="stmt"/>
        <line num="68" count="2" type="stmt"/>
        <line num="73" count="14" type="stmt"/>
        <line num="76" count="5" type="stmt"/>
        <line num="77" count="5" type="stmt"/>
        <line num="78" count="5" type="cond" truecount="1" falsecount="0"/>
        <line num="79" count="1" type="stmt"/>
        <line num="81" count="4" type="stmt"/>
        <line num="82" count="4" type="stmt"/>
        <line num="83" count="4" type="stmt"/>
        <line num="84" count="4" type="cond" truecount="1" falsecount="0"/>
        <line num="85" count="1" type="stmt"/>
        <line num="86" count="3" type="stmt"/>
        <line num="87" count="3" type="stmt"/>
        <line num="89" count="2" type="stmt"/>
        <line num="90" count="2" type="stmt"/>
        <line num="101" count="14" type="stmt"/>
        <line num="108" count="10" type="stmt"/>
        <line num="109" count="10" type="stmt"/>
        <line num="110" count="10" type="cond" truecount="1" falsecount="0"/>
        <line num="111" count="3" type="stmt"/>
        <line num="113" count="7" type="stmt"/>
        <line num="115" count="7" type="cond" truecount="1" falsecount="0"/>
        <line num="116" count="3" type="stmt"/>
        <line num="117" count="7" type="stmt"/>
        <line num="118" count="7" type="stmt"/>
        <line num="119" count="3" type="stmt"/>
        <line num="121" count="4" type="stmt"/>
        <line num="122" count="4" type="cond" truecount="1" falsecount="0"/>
        <line num="123" count="3" type="stmt"/>
        <line num="124" count="1" type="stmt"/>
        <line num="125" count="1" type="stmt"/>
        <line num="131" count="14" type="stmt"/>
        <line num="141" count="4" type="stmt"/>
        <line num="143" count="4" type="stmt"/>
        <line num="144" count="4" type="cond" truecount="0" falsecount="1"/>
        <line num="145" count="0" type="stmt"/>
        <line num="147" count="4" type="stmt"/>
        <line num="148" count="4" type="stmt"/>
        <line num="149" count="4" type="cond" truecount="1" falsecount="0"/>
        <line num="150" count="2" type="stmt"/>
        <line num="154" count="2" type="stmt"/>
        <line num="156" count="2" type="stmt"/>
        <line num="158" count="2" type="stmt"/>
        <line num="159" count="2" type="stmt"/>
        <line num="160" count="2" type="cond" truecount="0" falsecount="1"/>
        <line num="161" count="0" type="stmt"/>
        <line num="162" count="1" type="stmt"/>
        <line num="163" count="1" type="stmt"/>
        <line num="165" count="1" type="stmt"/>
        <line num="166" count="1" type="stmt"/>
      </file>
    </package>
    <package name="src.services">
      <metrics statements="198" coveredstatements="198" conditionals="48" coveredconditionals="45" methods="25" coveredmethods="25"/>
      <file name="AuthenticationService.ts" path="C:\Documents\_Papierkram\_BHT\_SE5\Web2\we2.backendfixes\src\services\AuthenticationService.ts">
        <metrics statements="8" coveredstatements="8" conditionals="5" coveredconditionals="5" methods="1" coveredmethods="1"/>
        <line num="1" count="16" type="stmt"/>
        <line num="10" count="16" type="stmt"/>
        <line num="12" count="143" type="stmt"/>
        <line num="13" count="143" type="cond" truecount="1" falsecount="0"/>
        <line num="15" count="141" type="stmt"/>
        <line num="16" count="141" type="cond" truecount="2" falsecount="0"/>
        <line num="17" count="4" type="stmt"/>
        <line num="20" count="137" type="cond" truecount="2" falsecount="0"/>
      </file>
      <file name="EintragService.ts" path="C:\Documents\_Papierkram\_BHT\_SE5\Web2\we2.backendfixes\src\services\EintragService.ts">
        <metrics statements="54" coveredstatements="54" conditionals="14" coveredconditionals="14" methods="6" coveredmethods="6"/>
        <line num="1" count="17" type="stmt"/>
        <line num="3" count="17" type="stmt"/>
        <line num="4" count="17" type="stmt"/>
        <line num="5" count="17" type="stmt"/>
        <line num="6" count="17" type="stmt"/>
        <line num="12" count="17" type="stmt"/>
        <line num="13" count="8" type="stmt"/>
        <line num="14" count="8" type="cond" truecount="1" falsecount="0"/>
        <line num="15" count="1" type="stmt"/>
        <line num="16" count="7" type="stmt"/>
        <line num="18" count="7" type="stmt"/>
        <line num="27" count="7" type="stmt"/>
        <line num="28" count="15" type="stmt"/>
        <line num="30" count="7" type="stmt"/>
        <line num="38" count="17" type="stmt"/>
        <line num="40" count="40" type="stmt"/>
        <line num="41" count="39" type="cond" truecount="1" falsecount="0"/>
        <line num="42" count="3" type="stmt"/>
        <line num="44" count="36" type="stmt"/>
        <line num="45" count="36" type="stmt"/>
        <line num="62" count="17" type="stmt"/>
        <line num="63" count="44" type="stmt"/>
        <line num="64" count="44" type="cond" truecount="1" falsecount="0"/>
        <line num="65" count="2" type="stmt"/>
        <line num="67" count="42" type="stmt"/>
        <line num="68" count="42" type="cond" truecount="1" falsecount="0"/>
        <line num="69" count="1" type="stmt"/>
        <line num="71" count="41" type="cond" truecount="1" falsecount="0"/>
        <line num="72" count="1" type="stmt"/>
        <line num="75" count="40" type="stmt"/>
        <line num="82" count="40" type="stmt"/>
        <line num="101" count="17" type="stmt"/>
        <line num="102" count="8" type="stmt"/>
        <line num="104" count="8" type="cond" truecount="1" falsecount="0"/>
        <line num="105" count="1" type="stmt"/>
        <line num="107" count="6" type="stmt"/>
        <line num="108" count="6" type="cond" truecount="1" falsecount="0"/>
        <line num="109" count="2" type="stmt"/>
        <line num="112" count="4" type="cond" truecount="1" falsecount="0"/>
        <line num="113" count="4" type="stmt"/>
        <line num="114" count="4" type="cond" truecount="1" falsecount="0"/>
        <line num="115" count="4" type="stmt"/>
        <line num="116" count="4" type="cond" truecount="1" falsecount="0"/>
        <line num="117" count="1" type="stmt"/>
        <line num="120" count="12" type="cond" truecount="2" falsecount="0"/>
        <line num="135" count="4" type="stmt"/>
        <line num="136" count="4" type="stmt"/>
        <line num="145" count="17" type="stmt"/>
        <line num="146" count="9" type="cond" truecount="1" falsecount="0"/>
        <line num="147" count="1" type="stmt"/>
        <line num="148" count="8" type="stmt"/>
        <line num="149" count="8" type="cond" truecount="1" falsecount="0"/>
        <line num="150" count="1" type="stmt"/>
        <line num="151" count="7" type="stmt"/>
      </file>
      <file name="JWTService.ts" path="C:\Documents\_Papierkram\_BHT\_SE5\Web2\we2.backendfixes\src\services\JWTService.ts">
        <metrics statements="31" coveredstatements="31" conditionals="7" coveredconditionals="4" methods="2" coveredmethods="2"/>
        <line num="1" count="15" type="stmt"/>
        <line num="2" count="15" type="stmt"/>
        <line num="4" count="15" type="stmt"/>
        <line num="5" count="15" type="stmt"/>
        <line num="10" count="15" type="stmt"/>
        <line num="11" count="71" type="stmt"/>
        <line num="13" count="71" type="stmt"/>
        <line num="14" count="71" type="cond" truecount="1" falsecount="0"/>
        <line num="18" count="70" type="stmt"/>
        <line num="19" count="70" type="cond" truecount="1" falsecount="0"/>
        <line num="21" count="69" type="stmt"/>
        <line num="22" count="69" type="cond" truecount="1" falsecount="0"/>
        <line num="24" count="68" type="stmt"/>
        <line num="25" count="68" type="cond" truecount="0" falsecount="1"/>
        <line num="26" count="68" type="stmt"/>
        <line num="30" count="68" type="stmt"/>
        <line num="31" count="68" type="stmt"/>
        <line num="36" count="68" type="stmt"/>
        <line num="46" count="68" type="stmt"/>
        <line num="49" count="15" type="stmt"/>
        <line num="50" count="67" type="stmt"/>
        <line num="51" count="67" type="stmt"/>
        <line num="52" count="67" type="cond" truecount="0" falsecount="1"/>
        <line num="54" count="67" type="cond" truecount="0" falsecount="1"/>
        <line num="55" count="67" type="stmt"/>
        <line num="60" count="67" type="cond" truecount="1" falsecount="0"/>
        <line num="61" count="67" type="stmt"/>
        <line num="62" count="67" type="stmt"/>
        <line num="63" count="67" type="stmt"/>
        <line num="65" count="67" type="stmt"/>
        <line num="71" count="67" type="stmt"/>
      </file>
      <file name="PflegerService.ts" path="C:\Documents\_Papierkram\_BHT\_SE5\Web2\we2.backendfixes\src\services\PflegerService.ts">
        <metrics statements="39" coveredstatements="39" conditionals="8" coveredconditionals="8" methods="6" coveredmethods="6"/>
        <line num="1" count="17" type="stmt"/>
        <line num="3" count="17" type="stmt"/>
        <line num="4" count="17" type="stmt"/>
        <line num="5" count="17" type="stmt"/>
        <line num="11" count="17" type="stmt"/>
        <line num="12" count="5" type="stmt"/>
        <line num="13" count="10" type="stmt"/>
        <line num="14" count="5" type="stmt"/>
        <line num="20" count="17" type="stmt"/>
        <line num="21" count="150" type="stmt"/>
        <line num="22" count="150" type="stmt"/>
        <line num="23" count="148" type="stmt"/>
        <line num="32" count="17" type="stmt"/>
        <line num="34" count="7" type="cond" truecount="1" falsecount="0"/>
        <line num="35" count="2" type="stmt"/>
        <line num="37" count="5" type="stmt"/>
        <line num="38" count="4" type="cond" truecount="1" falsecount="0"/>
        <line num="39" count="1" type="stmt"/>
        <line num="42" count="3" type="stmt"/>
        <line num="43" count="3" type="cond" truecount="1" falsecount="0"/>
        <line num="44" count="3" type="stmt"/>
        <line num="45" count="3" type="cond" truecount="1" falsecount="0"/>
        <line num="46" count="1" type="stmt"/>
        <line num="47" count="3" type="cond" truecount="1" falsecount="0"/>
        <line num="48" count="3" type="stmt"/>
        <line num="51" count="9" type="cond" truecount="2" falsecount="0"/>
        <line num="54" count="3" type="stmt"/>
        <line num="55" count="3" type="stmt"/>
        <line num="64" count="17" type="stmt"/>
        <line num="65" count="10" type="stmt"/>
        <line num="66" count="10" type="cond" truecount="1" falsecount="0"/>
        <line num="67" count="2" type="stmt"/>
        <line num="70" count="8" type="stmt"/>
        <line num="71" count="8" type="stmt"/>
        <line num="72" count="3" type="stmt"/>
        <line num="73" count="3" type="stmt"/>
        <line num="76" count="8" type="stmt"/>
        <line num="77" count="8" type="stmt"/>
        <line num="79" count="8" type="stmt"/>
      </file>
      <file name="ProtokollService.ts" path="C:\Documents\_Papierkram\_BHT\_SE5\Web2\we2.backendfixes\src\services\ProtokollService.ts">
        <metrics statements="61" coveredstatements="61" conditionals="14" coveredconditionals="14" methods="8" coveredmethods="8"/>
        <line num="2" count="18" type="stmt"/>
        <line num="3" count="18" type="stmt"/>
        <line num="4" count="18" type="stmt"/>
        <line num="5" count="18" type="stmt"/>
        <line num="12" count="18" type="stmt"/>
        <line num="13" count="8" type="stmt"/>
        <line num="16" count="8" type="cond" truecount="1" falsecount="0"/>
        <line num="17" count="4" type="stmt"/>
        <line num="18" count="4" type="stmt"/>
        <line num="21" count="8" type="stmt"/>
        <line num="43" count="8" type="stmt"/>
        <line num="44" count="26" type="stmt"/>
        <line num="46" count="8" type="stmt"/>
        <line num="53" count="18" type="stmt"/>
        <line num="55" count="63" type="stmt"/>
        <line num="56" count="63" type="cond" truecount="1" falsecount="0"/>
        <line num="57" count="4" type="stmt"/>
        <line num="59" count="59" type="stmt"/>
        <line num="60" count="59" type="stmt"/>
        <line num="62" count="59" type="stmt"/>
        <line num="64" count="59" type="stmt"/>
        <line num="65" count="33" type="stmt"/>
        <line num="68" count="59" type="stmt"/>
        <line num="85" count="18" type="stmt"/>
        <line num="86" count="143" type="stmt"/>
        <line num="89" count="143" type="stmt"/>
        <line num="90" count="143" type="stmt"/>
        <line num="91" count="39" type="cond" truecount="1" falsecount="0"/>
        <line num="92" count="3" type="stmt"/>
        <line num="103" count="140" type="stmt"/>
        <line num="105" count="140" type="stmt"/>
        <line num="107" count="5" type="stmt"/>
        <line num="110" count="135" type="stmt"/>
        <line num="115" count="135" type="stmt"/>
        <line num="131" count="18" type="stmt"/>
        <line num="132" count="4" type="stmt"/>
        <line num="134" count="4" type="stmt"/>
        <line num="135" count="4" type="stmt"/>
        <line num="136" count="1" type="cond" truecount="1" falsecount="0"/>
        <line num="137" count="1" type="stmt"/>
        <line num="141" count="3" type="stmt"/>
        <line num="142" count="3" type="cond" truecount="3" falsecount="0"/>
        <line num="143" count="1" type="stmt"/>
        <line num="146" count="2" type="cond" truecount="1" falsecount="0"/>
        <line num="147" count="2" type="stmt"/>
        <line num="148" count="2" type="cond" truecount="1" falsecount="0"/>
        <line num="149" count="2" type="stmt"/>
        <line num="150" count="2" type="cond" truecount="1" falsecount="0"/>
        <line num="151" count="2" type="stmt"/>
        <line num="152" count="2" type="cond" truecount="1" falsecount="0"/>
        <line num="153" count="2" type="stmt"/>
        <line num="158" count="8" type="cond" truecount="2" falsecount="0"/>
        <line num="161" count="2" type="stmt"/>
        <line num="163" count="2" type="stmt"/>
        <line num="172" count="2" type="stmt"/>
        <line num="181" count="18" type="stmt"/>
        <line num="182" count="7" type="stmt"/>
        <line num="183" count="7" type="cond" truecount="1" falsecount="0"/>
        <line num="184" count="1" type="stmt"/>
        <line num="186" count="6" type="stmt"/>
        <line num="188" count="6" type="stmt"/>
      </file>
      <file name="ServiceHelper.ts" path="C:\Documents\_Papierkram\_BHT\_SE5\Web2\we2.backendfixes\src\services\ServiceHelper.ts">
        <metrics statements="5" coveredstatements="5" conditionals="0" coveredconditionals="0" methods="2" coveredmethods="2"/>
        <line num="1" count="23" type="stmt"/>
        <line num="2" count="596" type="stmt"/>
        <line num="5" count="23" type="stmt"/>
        <line num="6" count="67" type="stmt"/>
        <line num="7" count="67" type="stmt"/>
      </file>
    </package>
  </project>
</coverage>
