{"C:\\Documents\\_Papierkram\\_BHT\\_SE5\\Web2\\we2.backendfixes\\src\\app.ts": {"path":"C:\\Documents\\_Papierkram\\_BHT\\_SE5\\Web2\\we2.backendfixes\\src\\app.ts","statementMap":{"0":{"start":{"line":1,"column":0},"end":{"line":1,"column":30}},"1":{"start":{"line":2,"column":0},"end":{"line":2,"column":30}},"2":{"start":{"line":4,"column":0},"end":{"line":4,"column":45}},"3":{"start":{"line":5,"column":0},"end":{"line":5,"column":49}},"4":{"start":{"line":6,"column":0},"end":{"line":6,"column":49}},"5":{"start":{"line":7,"column":0},"end":{"line":7,"column":53}},"6":{"start":{"line":8,"column":0},"end":{"line":8,"column":41}},"7":{"start":{"line":10,"column":12},"end":{"line":10,"column":21}},"8":{"start":{"line":13,"column":0},"end":{"line":13,"column":29}},"9":{"start":{"line":14,"column":0},"end":{"line":14,"column":24}},"10":{"start":{"line":17,"column":0},"end":{"line":17,"column":37}},"11":{"start":{"line":21,"column":0},"end":{"line":21,"column":null}},"12":{"start":{"line":22,"column":0},"end":{"line":22,"column":null}},"13":{"start":{"line":23,"column":0},"end":{"line":23,"column":null}},"14":{"start":{"line":25,"column":0},"end":{"line":25,"column":19}}},"fnMap":{},"branchMap":{},"s":{"0":14,"1":14,"2":14,"3":14,"4":14,"5":14,"6":14,"7":14,"8":14,"9":14,"10":14,"11":14,"12":14,"13":14,"14":14},"f":{},"b":{}}
,"C:\\Documents\\_Papierkram\\_BHT\\_SE5\\Web2\\we2.backendfixes\\src\\model\\EintragModel.ts": {"path":"C:\\Documents\\_Papierkram\\_BHT\\_SE5\\Web2\\we2.backendfixes\\src\\model\\EintragModel.ts","statementMap":{"0":{"start":{"line":1,"column":0},"end":{"line":1,"column":45}},"1":{"start":{"line":12,"column":22},"end":{"line":19,"column":null}},"2":{"start":{"line":22,"column":13},"end":{"line":22,"column":65}}},"fnMap":{},"branchMap":{},"s":{"0":25,"1":25,"2":25},"f":{},"b":{}}
,"C:\\Documents\\_Papierkram\\_BHT\\_SE5\\Web2\\we2.backendfixes\\src\\model\\PflegerModel.ts": {"path":"C:\\Documents\\_Papierkram\\_BHT\\_SE5\\Web2\\we2.backendfixes\\src\\model\\PflegerModel.ts","statementMap":{"0":{"start":{"line":1,"column":0},"end":{"line":1,"column":45}},"1":{"start":{"line":2,"column":0},"end":{"line":2,"column":29}},"2":{"start":{"line":16,"column":22},"end":{"line":20,"column":null}},"3":{"start":{"line":23,"column":0},"end":{"line":28,"column":3}},"4":{"start":{"line":24,"column":4},"end":{"line":27,"column":5}},"5":{"start":{"line":25,"column":31},"end":{"line":25,"column":67}},"6":{"start":{"line":26,"column":8},"end":{"line":26,"column":39}},"7":{"start":{"line":30,"column":0},"end":{"line":36,"column":3}},"8":{"start":{"line":31,"column":19},"end":{"line":31,"column":35}},"9":{"start":{"line":32,"column":4},"end":{"line":35,"column":5}},"10":{"start":{"line":33,"column":31},"end":{"line":33,"column":69}},"11":{"start":{"line":34,"column":8},"end":{"line":34,"column":41}},"12":{"start":{"line":38,"column":0},"end":{"line":44,"column":3}},"13":{"start":{"line":39,"column":4},"end":{"line":41,"column":5}},"14":{"start":{"line":40,"column":8},"end":{"line":40,"column":null}},"15":{"start":{"line":42,"column":22},"end":{"line":42,"column":60}},"16":{"start":{"line":43,"column":4},"end":{"line":43,"column":21}},"17":{"start":{"line":46,"column":13},"end":{"line":46,"column":55}}},"fnMap":{"0":{"name":"(anonymous_8)","decl":{"start":{"line":23,"column":26},"end":{"line":23,"column":null}},"loc":{"start":{"line":23,"column":26},"end":{"line":28,"column":2}}},"1":{"name":"(anonymous_10)","decl":{"start":{"line":30,"column":31},"end":{"line":30,"column":null}},"loc":{"start":{"line":30,"column":31},"end":{"line":36,"column":2}}},"2":{"name":"(anonymous_12)","decl":{"start":{"line":38,"column":42},"end":{"line":38,"column":51}},"loc":{"start":{"line":38,"column":66},"end":{"line":44,"column":1}}}},"branchMap":{"0":{"loc":{"start":{"line":24,"column":4},"end":{"line":27,"column":5}},"type":"if","locations":[{"start":{"line":24,"column":4},"end":{"line":27,"column":5}}]},"1":{"loc":{"start":{"line":32,"column":4},"end":{"line":35,"column":5}},"type":"if","locations":[{"start":{"line":32,"column":4},"end":{"line":35,"column":5}}]},"2":{"loc":{"start":{"line":32,"column":7},"end":{"line":32,"column":37}},"type":"binary-expr","locations":[{"start":{"line":32,"column":7},"end":{"line":32,"column":13}},{"start":{"line":32,"column":17},"end":{"line":32,"column":37}}]},"3":{"loc":{"start":{"line":39,"column":4},"end":{"line":41,"column":5}},"type":"if","locations":[{"start":{"line":39,"column":4},"end":{"line":41,"column":5}}]}},"s":{"0":29,"1":29,"2":29,"3":29,"4":293,"5":291,"6":291,"7":29,"8":2,"9":2,"10":2,"11":2,"12":29,"13":145,"14":1,"15":144,"16":144,"17":29},"f":{"0":293,"1":2,"2":145},"b":{"0":[291],"1":[2],"2":[2,2],"3":[1]}}
,"C:\\Documents\\_Papierkram\\_BHT\\_SE5\\Web2\\we2.backendfixes\\src\\model\\ProtokollModel.ts": {"path":"C:\\Documents\\_Papierkram\\_BHT\\_SE5\\Web2\\we2.backendfixes\\src\\model\\ProtokollModel.ts","statementMap":{"0":{"start":{"line":1,"column":0},"end":{"line":1,"column":45}},"1":{"start":{"line":12,"column":24},"end":{"line":19,"column":null}},"2":{"start":{"line":22,"column":13},"end":{"line":22,"column":null}}},"fnMap":{},"branchMap":{},"s":{"0":26,"1":26,"2":26},"f":{},"b":{}}
,"C:\\Documents\\_Papierkram\\_BHT\\_SE5\\Web2\\we2.backendfixes\\src\\routes\\authentication.ts": {"path":"C:\\Documents\\_Papierkram\\_BHT\\_SE5\\Web2\\we2.backendfixes\\src\\routes\\authentication.ts","statementMap":{"0":{"start":{"line":1,"column":0},"end":{"line":1,"column":27}},"1":{"start":{"line":2,"column":0},"end":{"line":2,"column":16}},"2":{"start":{"line":5,"column":0},"end":{"line":5,"column":50}},"3":{"start":{"line":24,"column":19},"end":{"line":24,"column":43}},"4":{"start":{"line":25,"column":4},"end":{"line":26,"column":56}},"5":{"start":{"line":26,"column":8},"end":{"line":26,"column":56}},"6":{"start":{"line":28,"column":19},"end":{"line":28,"column":41}},"7":{"start":{"line":29,"column":4},"end":{"line":29,"column":55}},"8":{"start":{"line":29,"column":16},"end":{"line":29,"column":55}},"9":{"start":{"line":31,"column":4},"end":{"line":45,"column":5}},"10":{"start":{"line":32,"column":20},"end":{"line":32,"column":42}},"11":{"start":{"line":33,"column":24},"end":{"line":33,"column":41}},"12":{"start":{"line":39,"column":4},"end":{"line":39,"column":32}},"13":{"start":{"line":40,"column":4},"end":{"line":40,"column":28}},"14":{"start":{"line":41,"column":4},"end":{"line":41,"column":11}},"15":{"start":{"line":43,"column":8},"end":{"line":43,"column":52}},"16":{"start":{"line":44,"column":8},"end":{"line":44,"column":20}},"17":{"start":{"line":22,"column":0},"end":{"line":22,"column":16}},"18":{"start":{"line":51,"column":19},"end":{"line":51,"column":43}},"19":{"start":{"line":52,"column":4},"end":{"line":70,"column":5}},"20":{"start":{"line":53,"column":23},"end":{"line":53,"column":45}},"21":{"start":{"line":54,"column":8},"end":{"line":54,"column":59}},"22":{"start":{"line":54,"column":20},"end":{"line":54,"column":59}},"23":{"start":{"line":56,"column":8},"end":{"line":69,"column":9}},"24":{"start":{"line":57,"column":24},"end":{"line":57,"column":46}},"25":{"start":{"line":58,"column":28},"end":{"line":58,"column":45}},"26":{"start":{"line":63,"column":12},"end":{"line":63,"column":40}},"27":{"start":{"line":64,"column":12},"end":{"line":64,"column":36}},"28":{"start":{"line":67,"column":12},"end":{"line":67,"column":56}},"29":{"start":{"line":68,"column":12},"end":{"line":68,"column":24}},"30":{"start":{"line":71,"column":4},"end":{"line":71,"column":20}},"31":{"start":{"line":72,"column":4},"end":{"line":72,"column":11}},"32":{"start":{"line":49,"column":0},"end":{"line":49,"column":16}}},"fnMap":{"0":{"name":"requiresAuthentication","decl":{"start":{"line":22,"column":16},"end":{"line":22,"column":38}},"loc":{"start":{"line":22,"column":86},"end":{"line":47,"column":1}}},"1":{"name":"optionalAuthentication","decl":{"start":{"line":49,"column":16},"end":{"line":49,"column":38}},"loc":{"start":{"line":49,"column":86},"end":{"line":73,"column":1}}}},"branchMap":{"0":{"loc":{"start":{"line":25,"column":4},"end":{"line":26,"column":56}},"type":"if","locations":[{"start":{"line":25,"column":4},"end":{"line":26,"column":56}}]},"1":{"loc":{"start":{"line":29,"column":4},"end":{"line":29,"column":55}},"type":"if","locations":[{"start":{"line":29,"column":4},"end":{"line":29,"column":55}}]},"2":{"loc":{"start":{"line":52,"column":4},"end":{"line":70,"column":5}},"type":"if","locations":[{"start":{"line":52,"column":4},"end":{"line":70,"column":5}}]},"3":{"loc":{"start":{"line":54,"column":8},"end":{"line":54,"column":59}},"type":"if","locations":[{"start":{"line":54,"column":8},"end":{"line":54,"column":59}}]}},"s":{"0":14,"1":14,"2":14,"3":73,"4":73,"5":14,"6":73,"7":73,"8":0,"9":73,"10":73,"11":59,"12":59,"13":59,"14":59,"15":14,"16":0,"17":14,"18":18,"19":18,"20":5,"21":5,"22":0,"23":5,"24":5,"25":5,"26":5,"27":5,"28":0,"29":0,"30":18,"31":18,"32":14},"f":{"0":73,"1":18},"b":{"0":[14],"1":[0],"2":[5],"3":[0]}}
,"C:\\Documents\\_Papierkram\\_BHT\\_SE5\\Web2\\we2.backendfixes\\src\\routes\\eintrag.ts": {"path":"C:\\Documents\\_Papierkram\\_BHT\\_SE5\\Web2\\we2.backendfixes\\src\\routes\\eintrag.ts","statementMap":{"0":{"start":{"line":1,"column":0},"end":{"line":1,"column":30}},"1":{"start":{"line":2,"column":0},"end":{"line":2,"column":101}},"2":{"start":{"line":4,"column":0},"end":{"line":4,"column":79}},"3":{"start":{"line":5,"column":0},"end":{"line":5,"column":82}},"4":{"start":{"line":6,"column":0},"end":{"line":6,"column":60}},"5":{"start":{"line":8,"column":13},"end":{"line":8,"column":46}},"6":{"start":{"line":10,"column":0},"end":{"line":32,"column":null}},"7":{"start":{"line":13,"column":29},"end":{"line":31,"column":null}},"8":{"start":{"line":14,"column":23},"end":{"line":14,"column":44}},"9":{"start":{"line":15,"column":8},"end":{"line":17,"column":9}},"10":{"start":{"line":16,"column":12},"end":{"line":16,"column":61}},"11":{"start":{"line":18,"column":19},"end":{"line":18,"column":33}},"12":{"start":{"line":19,"column":8},"end":{"line":30,"column":9}},"13":{"start":{"line":20,"column":24},"end":{"line":20,"column":44}},"14":{"start":{"line":21,"column":25},"end":{"line":21,"column":58}},"15":{"start":{"line":22,"column":12},"end":{"line":25,"column":13}},"16":{"start":{"line":23,"column":16},"end":{"line":24,"column":40}},"17":{"start":{"line":24,"column":20},"end":{"line":24,"column":40}},"18":{"start":{"line":26,"column":12},"end":{"line":26,"column":26}},"19":{"start":{"line":28,"column":12},"end":{"line":28,"column":32}},"20":{"start":{"line":34,"column":0},"end":{"line":61,"column":null}},"21":{"start":{"line":42,"column":29},"end":{"line":60,"column":null}},"22":{"start":{"line":43,"column":23},"end":{"line":43,"column":44}},"23":{"start":{"line":44,"column":8},"end":{"line":47,"column":9}},"24":{"start":{"line":45,"column":12},"end":{"line":45,"column":61}},"25":{"start":{"line":46,"column":12},"end":{"line":46,"column":19}},"26":{"start":{"line":48,"column":22},"end":{"line":48,"column":57}},"27":{"start":{"line":49,"column":8},"end":{"line":59,"column":9}},"28":{"start":{"line":50,"column":25},"end":{"line":50,"column":60}},"29":{"start":{"line":51,"column":12},"end":{"line":52,"column":36}},"30":{"start":{"line":52,"column":16},"end":{"line":52,"column":36}},"31":{"start":{"line":54,"column":27},"end":{"line":54,"column":53}},"32":{"start":{"line":55,"column":12},"end":{"line":55,"column":41}},"33":{"start":{"line":57,"column":12},"end":{"line":57,"column":28}},"34":{"start":{"line":58,"column":12},"end":{"line":58,"column":24}},"35":{"start":{"line":63,"column":0},"end":{"line":100,"column":null}},"36":{"start":{"line":73,"column":29},"end":{"line":99,"column":null}},"37":{"start":{"line":74,"column":23},"end":{"line":74,"column":44}},"38":{"start":{"line":75,"column":8},"end":{"line":78,"column":9}},"39":{"start":{"line":76,"column":12},"end":{"line":76,"column":61}},"40":{"start":{"line":77,"column":12},"end":{"line":77,"column":19}},"41":{"start":{"line":79,"column":26},"end":{"line":79,"column":61}},"42":{"start":{"line":80,"column":19},"end":{"line":80,"column":33}},"43":{"start":{"line":82,"column":8},"end":{"line":88,"column":9}},"44":{"start":{"line":83,"column":12},"end":{"line":86,"column":15}},"45":{"start":{"line":87,"column":12},"end":{"line":87,"column":19}},"46":{"start":{"line":89,"column":8},"end":{"line":98,"column":9}},"47":{"start":{"line":90,"column":25},"end":{"line":90,"column":64}},"48":{"start":{"line":91,"column":12},"end":{"line":92,"column":36}},"49":{"start":{"line":92,"column":16},"end":{"line":92,"column":36}},"50":{"start":{"line":93,"column":27},"end":{"line":93,"column":57}},"51":{"start":{"line":94,"column":12},"end":{"line":94,"column":41}},"52":{"start":{"line":96,"column":12},"end":{"line":96,"column":28}},"53":{"start":{"line":97,"column":12},"end":{"line":97,"column":24}},"54":{"start":{"line":102,"column":0},"end":{"line":124,"column":null}},"55":{"start":{"line":106,"column":29},"end":{"line":123,"column":null}},"56":{"start":{"line":107,"column":23},"end":{"line":107,"column":44}},"57":{"start":{"line":108,"column":8},"end":{"line":110,"column":9}},"58":{"start":{"line":109,"column":12},"end":{"line":109,"column":68}},"59":{"start":{"line":111,"column":19},"end":{"line":111,"column":33}},"60":{"start":{"line":112,"column":8},"end":{"line":122,"column":9}},"61":{"start":{"line":113,"column":26},"end":{"line":113,"column":46}},"62":{"start":{"line":114,"column":25},"end":{"line":114,"column":60}},"63":{"start":{"line":115,"column":12},"end":{"line":116,"column":36}},"64":{"start":{"line":116,"column":16},"end":{"line":116,"column":36}},"65":{"start":{"line":117,"column":12},"end":{"line":117,"column":36}},"66":{"start":{"line":118,"column":12},"end":{"line":118,"column":32}},"67":{"start":{"line":120,"column":12},"end":{"line":120,"column":28}},"68":{"start":{"line":121,"column":12},"end":{"line":121,"column":24}}},"fnMap":{"0":{"name":"(anonymous_8)","decl":{"start":{"line":13,"column":4},"end":{"line":13,"column":11}},"loc":{"start":{"line":13,"column":29},"end":{"line":31,"column":null}}},"1":{"name":"(anonymous_9)","decl":{"start":{"line":13,"column":29},"end":{"line":13,"column":null}},"loc":{"start":{"line":13,"column":29},"end":{"line":31,"column":5}}},"2":{"name":"(anonymous_10)","decl":{"start":{"line":42,"column":4},"end":{"line":42,"column":11}},"loc":{"start":{"line":42,"column":29},"end":{"line":60,"column":null}}},"3":{"name":"(anonymous_11)","decl":{"start":{"line":42,"column":29},"end":{"line":42,"column":null}},"loc":{"start":{"line":42,"column":29},"end":{"line":60,"column":5}}},"4":{"name":"(anonymous_12)","decl":{"start":{"line":73,"column":4},"end":{"line":73,"column":11}},"loc":{"start":{"line":73,"column":29},"end":{"line":99,"column":null}}},"5":{"name":"(anonymous_13)","decl":{"start":{"line":73,"column":29},"end":{"line":73,"column":null}},"loc":{"start":{"line":73,"column":29},"end":{"line":99,"column":5}}},"6":{"name":"(anonymous_14)","decl":{"start":{"line":106,"column":4},"end":{"line":106,"column":11}},"loc":{"start":{"line":106,"column":29},"end":{"line":123,"column":null}}},"7":{"name":"(anonymous_15)","decl":{"start":{"line":106,"column":29},"end":{"line":106,"column":null}},"loc":{"start":{"line":106,"column":29},"end":{"line":123,"column":5}}}},"branchMap":{"0":{"loc":{"start":{"line":15,"column":8},"end":{"line":17,"column":9}},"type":"if","locations":[{"start":{"line":15,"column":8},"end":{"line":17,"column":9}}]},"1":{"loc":{"start":{"line":22,"column":12},"end":{"line":25,"column":13}},"type":"if","locations":[{"start":{"line":22,"column":12},"end":{"line":25,"column":13}}]},"2":{"loc":{"start":{"line":23,"column":16},"end":{"line":24,"column":40}},"type":"if","locations":[{"start":{"line":23,"column":16},"end":{"line":24,"column":40}}]},"3":{"loc":{"start":{"line":23,"column":19},"end":{"line":23,"column":86}},"type":"binary-expr","locations":[{"start":{"line":23,"column":19},"end":{"line":23,"column":50}},{"start":{"line":23,"column":54},"end":{"line":23,"column":86}}]},"4":{"loc":{"start":{"line":44,"column":8},"end":{"line":47,"column":9}},"type":"if","locations":[{"start":{"line":44,"column":8},"end":{"line":47,"column":9}}]},"5":{"loc":{"start":{"line":51,"column":12},"end":{"line":52,"column":36}},"type":"if","locations":[{"start":{"line":51,"column":12},"end":{"line":52,"column":36}}]},"6":{"loc":{"start":{"line":51,"column":15},"end":{"line":51,"column":63}},"type":"binary-expr","locations":[{"start":{"line":51,"column":15},"end":{"line":51,"column":27}},{"start":{"line":51,"column":31},"end":{"line":51,"column":63}}]},"7":{"loc":{"start":{"line":75,"column":8},"end":{"line":78,"column":9}},"type":"if","locations":[{"start":{"line":75,"column":8},"end":{"line":78,"column":9}}]},"8":{"loc":{"start":{"line":82,"column":8},"end":{"line":88,"column":9}},"type":"if","locations":[{"start":{"line":82,"column":8},"end":{"line":88,"column":9}}]},"9":{"loc":{"start":{"line":91,"column":12},"end":{"line":92,"column":36}},"type":"if","locations":[{"start":{"line":91,"column":12},"end":{"line":92,"column":36}}]},"10":{"loc":{"start":{"line":91,"column":15},"end":{"line":91,"column":88}},"type":"binary-expr","locations":[{"start":{"line":91,"column":15},"end":{"line":91,"column":52}},{"start":{"line":91,"column":56},"end":{"line":91,"column":88}}]},"11":{"loc":{"start":{"line":108,"column":8},"end":{"line":110,"column":9}},"type":"if","locations":[{"start":{"line":108,"column":8},"end":{"line":110,"column":9}}]},"12":{"loc":{"start":{"line":115,"column":12},"end":{"line":116,"column":36}},"type":"if","locations":[{"start":{"line":115,"column":12},"end":{"line":116,"column":36}}]},"13":{"loc":{"start":{"line":115,"column":15},"end":{"line":115,"column":84}},"type":"binary-expr","locations":[{"start":{"line":115,"column":15},"end":{"line":115,"column":48}},{"start":{"line":115,"column":52},"end":{"line":115,"column":84}}]}},"s":{"0":14,"1":14,"2":14,"3":14,"4":14,"5":14,"6":14,"7":8,"8":8,"9":8,"10":1,"11":8,"12":8,"13":8,"14":6,"15":6,"16":4,"17":1,"18":6,"19":3,"20":14,"21":9,"22":9,"23":9,"24":4,"25":4,"26":5,"27":5,"28":5,"29":5,"30":2,"31":5,"32":4,"33":3,"34":3,"35":14,"36":7,"37":7,"38":7,"39":3,"40":3,"41":4,"42":4,"43":4,"44":1,"45":1,"46":3,"47":3,"48":3,"49":0,"50":3,"51":2,"52":1,"53":1,"54":14,"55":7,"56":7,"57":7,"58":1,"59":6,"60":6,"61":6,"62":5,"63":5,"64":2,"65":5,"66":5,"67":3,"68":3},"f":{"0":8,"1":8,"2":9,"3":9,"4":7,"5":7,"6":7,"7":7},"b":{"0":[1],"1":[4],"2":[1],"3":[4,2],"4":[4],"5":[2],"6":[5,4],"7":[3],"8":[1],"9":[0],"10":[3,0],"11":[1],"12":[2],"13":[5,2]}}
,"C:\\Documents\\_Papierkram\\_BHT\\_SE5\\Web2\\we2.backendfixes\\src\\routes\\login.ts": {"path":"C:\\Documents\\_Papierkram\\_BHT\\_SE5\\Web2\\we2.backendfixes\\src\\routes\\login.ts","statementMap":{"0":{"start":{"line":3,"column":0},"end":{"line":3,"column":30}},"1":{"start":{"line":4,"column":0},"end":{"line":4,"column":79}},"2":{"start":{"line":5,"column":0},"end":{"line":5,"column":58}},"3":{"start":{"line":7,"column":13},"end":{"line":7,"column":44}},"4":{"start":{"line":9,"column":0},"end":{"line":25,"column":3}},"5":{"start":{"line":9,"column":47},"end":{"line":25,"column":2}},"6":{"start":{"line":10,"column":17},"end":{"line":10,"column":30}},"7":{"start":{"line":11,"column":21},"end":{"line":11,"column":38}},"8":{"start":{"line":12,"column":4},"end":{"line":24,"column":5}},"9":{"start":{"line":14,"column":29},"end":{"line":14,"column":56}},"10":{"start":{"line":15,"column":8},"end":{"line":19,"column":9}},"11":{"start":{"line":16,"column":35},"end":{"line":16,"column":83}},"12":{"start":{"line":17,"column":28},"end":{"line":17,"column":53}},"13":{"start":{"line":18,"column":12},"end":{"line":18,"column":142}},"14":{"start":{"line":20,"column":8},"end":{"line":20,"column":31}},"15":{"start":{"line":22,"column":8},"end":{"line":22,"column":24}},"16":{"start":{"line":23,"column":8},"end":{"line":23,"column":16}},"17":{"start":{"line":27,"column":0},"end":{"line":46,"column":null}},"18":{"start":{"line":27,"column":46},"end":{"line":46,"column":2}},"19":{"start":{"line":28,"column":16},"end":{"line":28,"column":40}},"20":{"start":{"line":30,"column":4},"end":{"line":33,"column":5}},"21":{"start":{"line":31,"column":8},"end":{"line":31,"column":40}},"22":{"start":{"line":32,"column":8},"end":{"line":32,"column":36}},"23":{"start":{"line":34,"column":4},"end":{"line":37,"column":5}},"24":{"start":{"line":35,"column":8},"end":{"line":35,"column":40}},"25":{"start":{"line":36,"column":8},"end":{"line":36,"column":36}},"26":{"start":{"line":39,"column":4},"end":{"line":45,"column":5}},"27":{"start":{"line":40,"column":22},"end":{"line":40,"column":36}},"28":{"start":{"line":41,"column":8},"end":{"line":41,"column":24}},"29":{"start":{"line":43,"column":8},"end":{"line":43,"column":40}},"30":{"start":{"line":44,"column":8},"end":{"line":44,"column":28}},"31":{"start":{"line":48,"column":0},"end":{"line":51,"column":null}},"32":{"start":{"line":48,"column":49},"end":{"line":51,"column":2}},"33":{"start":{"line":49,"column":4},"end":{"line":49,"column":36}},"34":{"start":{"line":50,"column":4},"end":{"line":50,"column":24}}},"fnMap":{"0":{"name":"(anonymous_8)","decl":{"start":{"line":9,"column":22},"end":{"line":9,"column":29}},"loc":{"start":{"line":9,"column":47},"end":{"line":25,"column":2}}},"1":{"name":"(anonymous_9)","decl":{"start":{"line":9,"column":47},"end":{"line":9,"column":null}},"loc":{"start":{"line":9,"column":47},"end":{"line":25,"column":1}}},"2":{"name":"(anonymous_10)","decl":{"start":{"line":27,"column":21},"end":{"line":27,"column":28}},"loc":{"start":{"line":27,"column":46},"end":{"line":46,"column":2}}},"3":{"name":"(anonymous_11)","decl":{"start":{"line":27,"column":46},"end":{"line":27,"column":null}},"loc":{"start":{"line":27,"column":46},"end":{"line":46,"column":1}}},"4":{"name":"(anonymous_12)","decl":{"start":{"line":48,"column":24},"end":{"line":48,"column":31}},"loc":{"start":{"line":48,"column":49},"end":{"line":51,"column":2}}},"5":{"name":"(anonymous_13)","decl":{"start":{"line":48,"column":49},"end":{"line":48,"column":null}},"loc":{"start":{"line":48,"column":49},"end":{"line":51,"column":1}}}},"branchMap":{"0":{"loc":{"start":{"line":15,"column":8},"end":{"line":19,"column":9}},"type":"if","locations":[{"start":{"line":15,"column":8},"end":{"line":19,"column":9}}]},"1":{"loc":{"start":{"line":30,"column":4},"end":{"line":33,"column":5}},"type":"if","locations":[{"start":{"line":30,"column":4},"end":{"line":33,"column":5}}]},"2":{"loc":{"start":{"line":34,"column":4},"end":{"line":37,"column":5}},"type":"if","locations":[{"start":{"line":34,"column":4},"end":{"line":37,"column":5}}]}},"s":{"0":14,"1":14,"2":14,"3":14,"4":14,"5":68,"6":68,"7":68,"8":68,"9":68,"10":68,"11":66,"12":66,"13":66,"14":68,"15":0,"16":0,"17":14,"18":0,"19":0,"20":0,"21":0,"22":0,"23":0,"24":0,"25":0,"26":0,"27":0,"28":0,"29":0,"30":0,"31":14,"32":0,"33":0,"34":0},"f":{"0":68,"1":68,"2":0,"3":0,"4":0,"5":0},"b":{"0":[66],"1":[0],"2":[0]}}
,"C:\\Documents\\_Papierkram\\_BHT\\_SE5\\Web2\\we2.backendfixes\\src\\routes\\pfleger.ts": {"path":"C:\\Documents\\_Papierkram\\_BHT\\_SE5\\Web2\\we2.backendfixes\\src\\routes\\pfleger.ts","statementMap":{"0":{"start":{"line":1,"column":0},"end":{"line":1,"column":30}},"1":{"start":{"line":2,"column":0},"end":{"line":2,"column":105}},"2":{"start":{"line":4,"column":0},"end":{"line":4,"column":79}},"3":{"start":{"line":5,"column":0},"end":{"line":5,"column":58}},"4":{"start":{"line":7,"column":13},"end":{"line":7,"column":46}},"5":{"start":{"line":9,"column":0},"end":{"line":11,"column":null}},"6":{"start":{"line":9,"column":54},"end":{"line":11,"column":2}},"7":{"start":{"line":10,"column":4},"end":{"line":10,"column":24}},"8":{"start":{"line":13,"column":0},"end":{"line":15,"column":null}},"9":{"start":{"line":13,"column":57},"end":{"line":15,"column":2}},"10":{"start":{"line":14,"column":4},"end":{"line":14,"column":24}},"11":{"start":{"line":17,"column":0},"end":{"line":27,"column":null}},"12":{"start":{"line":19,"column":30},"end":{"line":26,"column":null}},"13":{"start":{"line":20,"column":21},"end":{"line":20,"column":29}},"14":{"start":{"line":21,"column":8},"end":{"line":24,"column":9}},"15":{"start":{"line":22,"column":24},"end":{"line":22,"column":46}},"16":{"start":{"line":23,"column":12},"end":{"line":23,"column":26}},"17":{"start":{"line":25,"column":8},"end":{"line":25,"column":28}},"18":{"start":{"line":29,"column":0},"end":{"line":48,"column":null}},"19":{"start":{"line":32,"column":29},"end":{"line":47,"column":null}},"20":{"start":{"line":33,"column":23},"end":{"line":33,"column":44}},"21":{"start":{"line":34,"column":8},"end":{"line":36,"column":9}},"22":{"start":{"line":35,"column":12},"end":{"line":35,"column":68}},"23":{"start":{"line":37,"column":19},"end":{"line":37,"column":33}},"24":{"start":{"line":38,"column":8},"end":{"line":39,"column":32}},"25":{"start":{"line":39,"column":12},"end":{"line":39,"column":32}},"26":{"start":{"line":40,"column":8},"end":{"line":46,"column":9}},"27":{"start":{"line":41,"column":24},"end":{"line":41,"column":47}},"28":{"start":{"line":42,"column":12},"end":{"line":42,"column":32}},"29":{"start":{"line":44,"column":12},"end":{"line":44,"column":28}},"30":{"start":{"line":45,"column":12},"end":{"line":45,"column":24}},"31":{"start":{"line":50,"column":0},"end":{"line":83,"column":null}},"32":{"start":{"line":55,"column":29},"end":{"line":82,"column":null}},"33":{"start":{"line":56,"column":23},"end":{"line":56,"column":44}},"34":{"start":{"line":57,"column":8},"end":{"line":59,"column":9}},"35":{"start":{"line":58,"column":12},"end":{"line":58,"column":68}},"36":{"start":{"line":60,"column":24},"end":{"line":60,"column":59}},"37":{"start":{"line":61,"column":21},"end":{"line":61,"column":29}},"38":{"start":{"line":62,"column":8},"end":{"line":64,"column":9}},"39":{"start":{"line":63,"column":12},"end":{"line":63,"column":32}},"40":{"start":{"line":65,"column":8},"end":{"line":81,"column":9}},"41":{"start":{"line":66,"column":27},"end":{"line":66,"column":55}},"42":{"start":{"line":67,"column":12},"end":{"line":67,"column":41}},"43":{"start":{"line":69,"column":22},"end":{"line":69,"column":36}},"44":{"start":{"line":70,"column":12},"end":{"line":78,"column":null}},"45":{"start":{"line":71,"column":16},"end":{"line":78,"column":null}},"46":{"start":{"line":79,"column":12},"end":{"line":79,"column":32}},"47":{"start":{"line":80,"column":12},"end":{"line":80,"column":24}},"48":{"start":{"line":85,"column":0},"end":{"line":129,"column":null}},"49":{"start":{"line":93,"column":29},"end":{"line":128,"column":null}},"50":{"start":{"line":94,"column":23},"end":{"line":94,"column":44}},"51":{"start":{"line":95,"column":8},"end":{"line":97,"column":9}},"52":{"start":{"line":96,"column":12},"end":{"line":96,"column":67}},"53":{"start":{"line":98,"column":19},"end":{"line":98,"column":33}},"54":{"start":{"line":99,"column":28},"end":{"line":99,"column":63}},"55":{"start":{"line":100,"column":8},"end":{"line":106,"column":9}},"56":{"start":{"line":101,"column":12},"end":{"line":104,"column":15}},"57":{"start":{"line":105,"column":12},"end":{"line":105,"column":19}},"58":{"start":{"line":107,"column":21},"end":{"line":107,"column":29}},"59":{"start":{"line":108,"column":8},"end":{"line":110,"column":9}},"60":{"start":{"line":109,"column":12},"end":{"line":109,"column":32}},"61":{"start":{"line":111,"column":8},"end":{"line":127,"column":9}},"62":{"start":{"line":112,"column":27},"end":{"line":112,"column":59}},"63":{"start":{"line":113,"column":12},"end":{"line":113,"column":29}},"64":{"start":{"line":115,"column":22},"end":{"line":115,"column":36}},"65":{"start":{"line":116,"column":12},"end":{"line":124,"column":null}},"66":{"start":{"line":117,"column":12},"end":{"line":124,"column":null}},"67":{"start":{"line":125,"column":12},"end":{"line":125,"column":28}},"68":{"start":{"line":126,"column":12},"end":{"line":126,"column":24}}},"fnMap":{"0":{"name":"(anonymous_8)","decl":{"start":{"line":9,"column":27},"end":{"line":9,"column":34}},"loc":{"start":{"line":9,"column":54},"end":{"line":11,"column":2}}},"1":{"name":"(anonymous_9)","decl":{"start":{"line":9,"column":54},"end":{"line":9,"column":null}},"loc":{"start":{"line":9,"column":54},"end":{"line":11,"column":1}}},"2":{"name":"(anonymous_10)","decl":{"start":{"line":13,"column":30},"end":{"line":13,"column":37}},"loc":{"start":{"line":13,"column":57},"end":{"line":15,"column":2}}},"3":{"name":"(anonymous_11)","decl":{"start":{"line":13,"column":57},"end":{"line":13,"column":null}},"loc":{"start":{"line":13,"column":57},"end":{"line":15,"column":1}}},"4":{"name":"(anonymous_12)","decl":{"start":{"line":19,"column":4},"end":{"line":19,"column":11}},"loc":{"start":{"line":19,"column":30},"end":{"line":26,"column":null}}},"5":{"name":"(anonymous_13)","decl":{"start":{"line":19,"column":30},"end":{"line":19,"column":null}},"loc":{"start":{"line":19,"column":30},"end":{"line":26,"column":5}}},"6":{"name":"(anonymous_14)","decl":{"start":{"line":32,"column":4},"end":{"line":32,"column":11}},"loc":{"start":{"line":32,"column":29},"end":{"line":47,"column":null}}},"7":{"name":"(anonymous_15)","decl":{"start":{"line":32,"column":29},"end":{"line":32,"column":null}},"loc":{"start":{"line":32,"column":29},"end":{"line":47,"column":5}}},"8":{"name":"(anonymous_16)","decl":{"start":{"line":55,"column":4},"end":{"line":55,"column":11}},"loc":{"start":{"line":55,"column":29},"end":{"line":82,"column":null}}},"9":{"name":"(anonymous_17)","decl":{"start":{"line":55,"column":29},"end":{"line":55,"column":null}},"loc":{"start":{"line":55,"column":29},"end":{"line":82,"column":5}}},"10":{"name":"(anonymous_18)","decl":{"start":{"line":93,"column":4},"end":{"line":93,"column":11}},"loc":{"start":{"line":93,"column":29},"end":{"line":128,"column":null}}},"11":{"name":"(anonymous_19)","decl":{"start":{"line":93,"column":29},"end":{"line":93,"column":null}},"loc":{"start":{"line":93,"column":29},"end":{"line":128,"column":5}}}},"branchMap":{"0":{"loc":{"start":{"line":21,"column":8},"end":{"line":24,"column":9}},"type":"if","locations":[{"start":{"line":21,"column":8},"end":{"line":24,"column":9}}]},"1":{"loc":{"start":{"line":34,"column":8},"end":{"line":36,"column":9}},"type":"if","locations":[{"start":{"line":34,"column":8},"end":{"line":36,"column":9}}]},"2":{"loc":{"start":{"line":38,"column":8},"end":{"line":39,"column":32}},"type":"if","locations":[{"start":{"line":38,"column":8},"end":{"line":39,"column":32}}]},"3":{"loc":{"start":{"line":38,"column":11},"end":{"line":38,"column":51}},"type":"binary-expr","locations":[{"start":{"line":38,"column":11},"end":{"line":38,"column":27}},{"start":{"line":38,"column":31},"end":{"line":38,"column":51}}]},"4":{"loc":{"start":{"line":57,"column":8},"end":{"line":59,"column":9}},"type":"if","locations":[{"start":{"line":57,"column":8},"end":{"line":59,"column":9}}]},"5":{"loc":{"start":{"line":62,"column":8},"end":{"line":64,"column":9}},"type":"if","locations":[{"start":{"line":62,"column":8},"end":{"line":64,"column":9}}]},"6":{"loc":{"start":{"line":70,"column":12},"end":{"line":78,"column":null}},"type":"if","locations":[{"start":{"line":70,"column":12},"end":{"line":78,"column":null}}]},"7":{"loc":{"start":{"line":95,"column":8},"end":{"line":97,"column":9}},"type":"if","locations":[{"start":{"line":95,"column":8},"end":{"line":97,"column":9}}]},"8":{"loc":{"start":{"line":100,"column":8},"end":{"line":106,"column":9}},"type":"if","locations":[{"start":{"line":100,"column":8},"end":{"line":106,"column":9}}]},"9":{"loc":{"start":{"line":108,"column":8},"end":{"line":110,"column":9}},"type":"if","locations":[{"start":{"line":108,"column":8},"end":{"line":110,"column":9}}]},"10":{"loc":{"start":{"line":116,"column":12},"end":{"line":124,"column":null}},"type":"if","locations":[{"start":{"line":116,"column":12},"end":{"line":124,"column":null}}]}},"s":{"0":14,"1":14,"2":14,"3":14,"4":14,"5":14,"6":2,"7":2,"8":14,"9":0,"10":0,"11":14,"12":2,"13":2,"14":2,"15":2,"16":2,"17":2,"18":14,"19":6,"20":6,"21":6,"22":1,"23":5,"24":5,"25":2,"26":5,"27":5,"28":4,"29":3,"30":3,"31":14,"32":5,"33":5,"34":5,"35":2,"36":3,"37":3,"38":3,"39":0,"40":3,"41":3,"42":1,"43":2,"44":2,"45":2,"46":2,"47":0,"48":14,"49":4,"50":4,"51":4,"52":1,"53":3,"54":3,"55":3,"56":1,"57":1,"58":2,"59":2,"60":0,"61":2,"62":2,"63":1,"64":1,"65":1,"66":0,"67":1,"68":1},"f":{"0":2,"1":2,"2":0,"3":0,"4":2,"5":2,"6":6,"7":6,"8":5,"9":5,"10":4,"11":4},"b":{"0":[2],"1":[1],"2":[2],"3":[5,4],"4":[2],"5":[0],"6":[2],"7":[1],"8":[1],"9":[0],"10":[0]}}
,"C:\\Documents\\_Papierkram\\_BHT\\_SE5\\Web2\\we2.backendfixes\\src\\routes\\protokoll.ts": {"path":"C:\\Documents\\_Papierkram\\_BHT\\_SE5\\Web2\\we2.backendfixes\\src\\routes\\protokoll.ts","statementMap":{"0":{"start":{"line":1,"column":0},"end":{"line":1,"column":30}},"1":{"start":{"line":2,"column":0},"end":{"line":2,"column":62}},"2":{"start":{"line":3,"column":0},"end":{"line":3,"column":130}},"3":{"start":{"line":5,"column":0},"end":{"line":5,"column":79}},"4":{"start":{"line":6,"column":0},"end":{"line":6,"column":82}},"5":{"start":{"line":7,"column":0},"end":{"line":7,"column":52}},"6":{"start":{"line":9,"column":13},"end":{"line":9,"column":48}},"7":{"start":{"line":11,"column":0},"end":{"line":13,"column":null}},"8":{"start":{"line":11,"column":56},"end":{"line":13,"column":2}},"9":{"start":{"line":12,"column":4},"end":{"line":12,"column":24}},"10":{"start":{"line":15,"column":0},"end":{"line":39,"column":null}},"11":{"start":{"line":18,"column":29},"end":{"line":38,"column":null}},"12":{"start":{"line":19,"column":23},"end":{"line":19,"column":44}},"13":{"start":{"line":20,"column":8},"end":{"line":22,"column":9}},"14":{"start":{"line":21,"column":12},"end":{"line":21,"column":68}},"15":{"start":{"line":23,"column":19},"end":{"line":23,"column":33}},"16":{"start":{"line":25,"column":8},"end":{"line":37,"column":9}},"17":{"start":{"line":26,"column":25},"end":{"line":26,"column":47}},"18":{"start":{"line":27,"column":12},"end":{"line":31,"column":13}},"19":{"start":{"line":29,"column":20},"end":{"line":29,"column":40}},"20":{"start":{"line":32,"column":30},"end":{"line":32,"column":56}},"21":{"start":{"line":33,"column":12},"end":{"line":33,"column":32}},"22":{"start":{"line":35,"column":12},"end":{"line":35,"column":28}},"23":{"start":{"line":36,"column":12},"end":{"line":36,"column":22}},"24":{"start":{"line":41,"column":0},"end":{"line":47,"column":null}},"25":{"start":{"line":43,"column":30},"end":{"line":47,"column":2}},"26":{"start":{"line":44,"column":19},"end":{"line":44,"column":32}},"27":{"start":{"line":45,"column":22},"end":{"line":45,"column":49}},"28":{"start":{"line":46,"column":8},"end":{"line":46,"column":24}},"29":{"start":{"line":49,"column":0},"end":{"line":71,"column":null}},"30":{"start":{"line":52,"column":29},"end":{"line":70,"column":null}},"31":{"start":{"line":53,"column":23},"end":{"line":53,"column":44}},"32":{"start":{"line":54,"column":8},"end":{"line":56,"column":9}},"33":{"start":{"line":55,"column":12},"end":{"line":55,"column":68}},"34":{"start":{"line":57,"column":8},"end":{"line":69,"column":9}},"35":{"start":{"line":58,"column":23},"end":{"line":58,"column":37}},"36":{"start":{"line":59,"column":30},"end":{"line":59,"column":52}},"37":{"start":{"line":60,"column":12},"end":{"line":61,"column":36}},"38":{"start":{"line":61,"column":16},"end":{"line":61,"column":36}},"39":{"start":{"line":62,"column":12},"end":{"line":63,"column":36}},"40":{"start":{"line":63,"column":16},"end":{"line":63,"column":36}},"41":{"start":{"line":65,"column":12},"end":{"line":65,"column":32}},"42":{"start":{"line":67,"column":12},"end":{"line":67,"column":28}},"43":{"start":{"line":68,"column":12},"end":{"line":68,"column":22}},"44":{"start":{"line":73,"column":0},"end":{"line":93,"column":null}},"45":{"start":{"line":76,"column":29},"end":{"line":92,"column":null}},"46":{"start":{"line":77,"column":23},"end":{"line":77,"column":44}},"47":{"start":{"line":78,"column":8},"end":{"line":80,"column":9}},"48":{"start":{"line":79,"column":12},"end":{"line":79,"column":68}},"49":{"start":{"line":81,"column":8},"end":{"line":91,"column":9}},"50":{"start":{"line":82,"column":23},"end":{"line":82,"column":37}},"51":{"start":{"line":83,"column":25},"end":{"line":83,"column":60}},"52":{"start":{"line":84,"column":12},"end":{"line":85,"column":36}},"53":{"start":{"line":85,"column":16},"end":{"line":85,"column":36}},"54":{"start":{"line":86,"column":12},"end":{"line":86,"column":38}},"55":{"start":{"line":87,"column":12},"end":{"line":87,"column":32}},"56":{"start":{"line":89,"column":12},"end":{"line":89,"column":28}},"57":{"start":{"line":90,"column":12},"end":{"line":90,"column":22}},"58":{"start":{"line":101,"column":0},"end":{"line":128,"column":null}},"59":{"start":{"line":108,"column":29},"end":{"line":127,"column":null}},"60":{"start":{"line":109,"column":23},"end":{"line":109,"column":44}},"61":{"start":{"line":110,"column":8},"end":{"line":112,"column":9}},"62":{"start":{"line":111,"column":12},"end":{"line":111,"column":68}},"63":{"start":{"line":113,"column":25},"end":{"line":113,"column":62}},"64":{"start":{"line":115,"column":8},"end":{"line":116,"column":32}},"65":{"start":{"line":116,"column":12},"end":{"line":116,"column":32}},"66":{"start":{"line":117,"column":8},"end":{"line":126,"column":9}},"67":{"start":{"line":118,"column":32},"end":{"line":118,"column":63}},"68":{"start":{"line":119,"column":12},"end":{"line":119,"column":46}},"69":{"start":{"line":121,"column":22},"end":{"line":121,"column":36}},"70":{"start":{"line":122,"column":12},"end":{"line":123,"column":155}},"71":{"start":{"line":123,"column":16},"end":{"line":123,"column":155}},"72":{"start":{"line":124,"column":12},"end":{"line":124,"column":28}},"73":{"start":{"line":125,"column":12},"end":{"line":125,"column":24}},"74":{"start":{"line":131,"column":0},"end":{"line":169,"column":null}},"75":{"start":{"line":141,"column":29},"end":{"line":168,"column":null}},"76":{"start":{"line":143,"column":23},"end":{"line":143,"column":44}},"77":{"start":{"line":144,"column":8},"end":{"line":146,"column":9}},"78":{"start":{"line":145,"column":12},"end":{"line":145,"column":68}},"79":{"start":{"line":147,"column":19},"end":{"line":147,"column":33}},"80":{"start":{"line":148,"column":25},"end":{"line":148,"column":62}},"81":{"start":{"line":149,"column":8},"end":{"line":155,"column":9}},"82":{"start":{"line":150,"column":12},"end":{"line":153,"column":15}},"83":{"start":{"line":154,"column":12},"end":{"line":154,"column":19}},"84":{"start":{"line":156,"column":8},"end":{"line":167,"column":9}},"85":{"start":{"line":158,"column":23},"end":{"line":158,"column":37}},"86":{"start":{"line":159,"column":25},"end":{"line":159,"column":60}},"87":{"start":{"line":160,"column":12},"end":{"line":161,"column":36}},"88":{"start":{"line":161,"column":16},"end":{"line":161,"column":36}},"89":{"start":{"line":162,"column":27},"end":{"line":162,"column":58}},"90":{"start":{"line":163,"column":12},"end":{"line":163,"column":41}},"91":{"start":{"line":165,"column":12},"end":{"line":165,"column":28}},"92":{"start":{"line":166,"column":12},"end":{"line":166,"column":24}}},"fnMap":{"0":{"name":"(anonymous_8)","decl":{"start":{"line":11,"column":29},"end":{"line":11,"column":36}},"loc":{"start":{"line":11,"column":56},"end":{"line":13,"column":2}}},"1":{"name":"(anonymous_9)","decl":{"start":{"line":11,"column":56},"end":{"line":11,"column":null}},"loc":{"start":{"line":11,"column":56},"end":{"line":13,"column":1}}},"2":{"name":"(anonymous_10)","decl":{"start":{"line":18,"column":4},"end":{"line":18,"column":11}},"loc":{"start":{"line":18,"column":29},"end":{"line":38,"column":null}}},"3":{"name":"(anonymous_11)","decl":{"start":{"line":18,"column":29},"end":{"line":18,"column":null}},"loc":{"start":{"line":18,"column":29},"end":{"line":38,"column":5}}},"4":{"name":"(anonymous_12)","decl":{"start":{"line":43,"column":4},"end":{"line":43,"column":11}},"loc":{"start":{"line":43,"column":30},"end":{"line":47,"column":2}}},"5":{"name":"(anonymous_13)","decl":{"start":{"line":43,"column":30},"end":{"line":43,"column":null}},"loc":{"start":{"line":43,"column":30},"end":{"line":47,"column":1}}},"6":{"name":"(anonymous_14)","decl":{"start":{"line":52,"column":4},"end":{"line":52,"column":11}},"loc":{"start":{"line":52,"column":29},"end":{"line":70,"column":null}}},"7":{"name":"(anonymous_15)","decl":{"start":{"line":52,"column":29},"end":{"line":52,"column":null}},"loc":{"start":{"line":52,"column":29},"end":{"line":70,"column":5}}},"8":{"name":"(anonymous_16)","decl":{"start":{"line":76,"column":4},"end":{"line":76,"column":11}},"loc":{"start":{"line":76,"column":29},"end":{"line":92,"column":null}}},"9":{"name":"(anonymous_17)","decl":{"start":{"line":76,"column":29},"end":{"line":76,"column":null}},"loc":{"start":{"line":76,"column":29},"end":{"line":92,"column":5}}},"10":{"name":"(anonymous_18)","decl":{"start":{"line":108,"column":4},"end":{"line":108,"column":11}},"loc":{"start":{"line":108,"column":29},"end":{"line":127,"column":null}}},"11":{"name":"(anonymous_19)","decl":{"start":{"line":108,"column":29},"end":{"line":108,"column":null}},"loc":{"start":{"line":108,"column":29},"end":{"line":127,"column":5}}},"12":{"name":"(anonymous_20)","decl":{"start":{"line":141,"column":4},"end":{"line":141,"column":11}},"loc":{"start":{"line":141,"column":29},"end":{"line":168,"column":null}}},"13":{"name":"(anonymous_21)","decl":{"start":{"line":141,"column":29},"end":{"line":141,"column":null}},"loc":{"start":{"line":141,"column":29},"end":{"line":168,"column":5}}}},"branchMap":{"0":{"loc":{"start":{"line":20,"column":8},"end":{"line":22,"column":9}},"type":"if","locations":[{"start":{"line":20,"column":8},"end":{"line":22,"column":9}}]},"1":{"loc":{"start":{"line":27,"column":12},"end":{"line":31,"column":13}},"type":"if","locations":[{"start":{"line":27,"column":12},"end":{"line":31,"column":13}}]},"2":{"loc":{"start":{"line":27,"column":15},"end":{"line":27,"column":74}},"type":"binary-expr","locations":[{"start":{"line":27,"column":15},"end":{"line":27,"column":27}},{"start":{"line":27,"column":31},"end":{"line":27,"column":74}}]},"3":{"loc":{"start":{"line":54,"column":8},"end":{"line":56,"column":9}},"type":"if","locations":[{"start":{"line":54,"column":8},"end":{"line":56,"column":9}}]},"4":{"loc":{"start":{"line":60,"column":12},"end":{"line":61,"column":36}},"type":"if","locations":[{"start":{"line":60,"column":12},"end":{"line":61,"column":36}}]},"5":{"loc":{"start":{"line":62,"column":12},"end":{"line":63,"column":36}},"type":"if","locations":[{"start":{"line":62,"column":12},"end":{"line":63,"column":36}}]},"6":{"loc":{"start":{"line":78,"column":8},"end":{"line":80,"column":9}},"type":"if","locations":[{"start":{"line":78,"column":8},"end":{"line":80,"column":9}}]},"7":{"loc":{"start":{"line":84,"column":12},"end":{"line":85,"column":36}},"type":"if","locations":[{"start":{"line":84,"column":12},"end":{"line":85,"column":36}}]},"8":{"loc":{"start":{"line":110,"column":8},"end":{"line":112,"column":9}},"type":"if","locations":[{"start":{"line":110,"column":8},"end":{"line":112,"column":9}}]},"9":{"loc":{"start":{"line":115,"column":8},"end":{"line":116,"column":32}},"type":"if","locations":[{"start":{"line":115,"column":8},"end":{"line":116,"column":32}}]},"10":{"loc":{"start":{"line":122,"column":12},"end":{"line":123,"column":155}},"type":"if","locations":[{"start":{"line":122,"column":12},"end":{"line":123,"column":155}}]},"11":{"loc":{"start":{"line":144,"column":8},"end":{"line":146,"column":9}},"type":"if","locations":[{"start":{"line":144,"column":8},"end":{"line":146,"column":9}}]},"12":{"loc":{"start":{"line":149,"column":8},"end":{"line":155,"column":9}},"type":"if","locations":[{"start":{"line":149,"column":8},"end":{"line":155,"column":9}}]},"13":{"loc":{"start":{"line":160,"column":12},"end":{"line":161,"column":36}},"type":"if","locations":[{"start":{"line":160,"column":12},"end":{"line":161,"column":36}}]}},"s":{"0":14,"1":14,"2":14,"3":14,"4":14,"5":14,"6":14,"7":14,"8":1,"9":1,"10":14,"11":4,"12":4,"13":4,"14":1,"15":3,"16":3,"17":3,"18":2,"19":0,"20":2,"21":2,"22":1,"23":1,"24":14,"25":3,"26":3,"27":3,"28":3,"29":14,"30":3,"31":3,"32":3,"33":1,"34":2,"35":2,"36":2,"37":1,"38":1,"39":1,"40":1,"41":0,"42":2,"43":2,"44":14,"45":5,"46":5,"47":5,"48":1,"49":4,"50":4,"51":4,"52":4,"53":1,"54":3,"55":3,"56":2,"57":2,"58":14,"59":10,"60":10,"61":10,"62":3,"63":7,"64":7,"65":3,"66":7,"67":7,"68":3,"69":4,"70":4,"71":3,"72":1,"73":1,"74":14,"75":4,"76":4,"77":4,"78":0,"79":4,"80":4,"81":4,"82":2,"83":2,"84":2,"85":2,"86":2,"87":2,"88":0,"89":1,"90":1,"91":1,"92":1},"f":{"0":1,"1":1,"2":4,"3":4,"4":3,"5":3,"6":3,"7":3,"8":5,"9":5,"10":10,"11":10,"12":4,"13":4},"b":{"0":[1],"1":[0],"2":[2,0],"3":[1],"4":[1],"5":[1],"6":[1],"7":[1],"8":[3],"9":[3],"10":[3],"11":[0],"12":[2],"13":[0]}}
,"C:\\Documents\\_Papierkram\\_BHT\\_SE5\\Web2\\we2.backendfixes\\src\\services\\AuthenticationService.ts": {"path":"C:\\Documents\\_Papierkram\\_BHT\\_SE5\\Web2\\we2.backendfixes\\src\\services\\AuthenticationService.ts","statementMap":{"0":{"start":{"line":1,"column":0},"end":{"line":1,"column":48}},"1":{"start":{"line":12,"column":20},"end":{"line":12,"column":62}},"2":{"start":{"line":13,"column":4},"end":{"line":13,"column":30}},"3":{"start":{"line":13,"column":17},"end":{"line":13,"column":30}},"4":{"start":{"line":15,"column":22},"end":{"line":15,"column":63}},"5":{"start":{"line":16,"column":4},"end":{"line":21,"column":5}},"6":{"start":{"line":17,"column":8},"end":{"line":17,"column":21}},"7":{"start":{"line":20,"column":8},"end":{"line":20,"column":73}},"8":{"start":{"line":10,"column":0},"end":{"line":10,"column":22}}},"fnMap":{"0":{"name":"login","decl":{"start":{"line":10,"column":22},"end":{"line":10,"column":27}},"loc":{"start":{"line":10,"column":58},"end":{"line":22,"column":null}}}},"branchMap":{"0":{"loc":{"start":{"line":13,"column":4},"end":{"line":13,"column":30}},"type":"if","locations":[{"start":{"line":13,"column":4},"end":{"line":13,"column":30}}]},"1":{"loc":{"start":{"line":16,"column":4},"end":{"line":21,"column":5}},"type":"if","locations":[{"start":{"line":16,"column":4},"end":{"line":21,"column":5}},{"start":{"line":18,"column":11},"end":{"line":21,"column":5}}]},"2":{"loc":{"start":{"line":20,"column":38},"end":{"line":20,"column":71}},"type":"cond-expr","locations":[{"start":{"line":20,"column":53},"end":{"line":20,"column":56}},{"start":{"line":20,"column":60},"end":{"line":20,"column":71}}]}},"s":{"0":16,"1":143,"2":143,"3":2,"4":141,"5":141,"6":4,"7":137,"8":16},"f":{"0":143},"b":{"0":[2],"1":[4,137],"2":[33,104]}}
,"C:\\Documents\\_Papierkram\\_BHT\\_SE5\\Web2\\we2.backendfixes\\src\\services\\EintragService.ts": {"path":"C:\\Documents\\_Papierkram\\_BHT\\_SE5\\Web2\\we2.backendfixes\\src\\services\\EintragService.ts","statementMap":{"0":{"start":{"line":1,"column":0},"end":{"line":1,"column":61}},"1":{"start":{"line":3,"column":0},"end":{"line":3,"column":58}},"2":{"start":{"line":4,"column":0},"end":{"line":4,"column":48}},"3":{"start":{"line":5,"column":0},"end":{"line":5,"column":52}},"4":{"start":{"line":6,"column":0},"end":{"line":6,"column":47}},"5":{"start":{"line":13,"column":17},"end":{"line":13,"column":61}},"6":{"start":{"line":14,"column":4},"end":{"line":15,"column":null}},"7":{"start":{"line":15,"column":8},"end":{"line":15,"column":null}},"8":{"start":{"line":16,"column":20},"end":{"line":16,"column":91}},"9":{"start":{"line":18,"column":33},"end":{"line":18,"column":35}},"10":{"start":{"line":27,"column":4},"end":{"line":29,"column":5}},"11":{"start":{"line":27,"column":17},"end":{"line":27,"column":18}},"12":{"start":{"line":28,"column":8},"end":{"line":28,"column":49}},"13":{"start":{"line":30,"column":4},"end":{"line":30,"column":15}},"14":{"start":{"line":12,"column":0},"end":{"line":12,"column":22}},"15":{"start":{"line":40,"column":17},"end":{"line":40,"column":50}},"16":{"start":{"line":41,"column":4},"end":{"line":42,"column":63}},"17":{"start":{"line":42,"column":8},"end":{"line":42,"column":63}},"18":{"start":{"line":44,"column":20},"end":{"line":44,"column":65}},"19":{"start":{"line":45,"column":4},"end":{"line":54,"column":null}},"20":{"start":{"line":38,"column":0},"end":{"line":38,"column":22}},"21":{"start":{"line":63,"column":20},"end":{"line":63,"column":76}},"22":{"start":{"line":64,"column":4},"end":{"line":66,"column":5}},"23":{"start":{"line":65,"column":8},"end":{"line":65,"column":81}},"24":{"start":{"line":67,"column":22},"end":{"line":67,"column":80}},"25":{"start":{"line":68,"column":4},"end":{"line":70,"column":5}},"26":{"start":{"line":69,"column":8},"end":{"line":69,"column":83}},"27":{"start":{"line":71,"column":4},"end":{"line":73,"column":5}},"28":{"start":{"line":72,"column":8},"end":{"line":72,"column":71}},"29":{"start":{"line":75,"column":20},"end":{"line":81,"column":6}},"30":{"start":{"line":82,"column":4},"end":{"line":91,"column":null}},"31":{"start":{"line":62,"column":0},"end":{"line":62,"column":22}},"32":{"start":{"line":102,"column":15},"end":{"line":102,"column":30}},"33":{"start":{"line":104,"column":4},"end":{"line":106,"column":5}},"34":{"start":{"line":105,"column":8},"end":{"line":105,"column":63}},"35":{"start":{"line":107,"column":19},"end":{"line":107,"column":55}},"36":{"start":{"line":108,"column":4},"end":{"line":110,"column":5}},"37":{"start":{"line":109,"column":8},"end":{"line":109,"column":65}},"38":{"start":{"line":112,"column":4},"end":{"line":113,"column":null}},"39":{"start":{"line":113,"column":8},"end":{"line":113,"column":null}},"40":{"start":{"line":114,"column":4},"end":{"line":115,"column":null}},"41":{"start":{"line":115,"column":8},"end":{"line":115,"column":null}},"42":{"start":{"line":116,"column":4},"end":{"line":117,"column":null}},"43":{"start":{"line":117,"column":8},"end":{"line":117,"column":null}},"44":{"start":{"line":120,"column":8},"end":{"line":120,"column":45}},"45":{"start":{"line":135,"column":4},"end":{"line":135,"column":null}},"46":{"start":{"line":136,"column":4},"end":{"line":136,"column":33}},"47":{"start":{"line":101,"column":0},"end":{"line":101,"column":22}},"48":{"start":{"line":146,"column":4},"end":{"line":147,"column":null}},"49":{"start":{"line":147,"column":8},"end":{"line":147,"column":null}},"50":{"start":{"line":148,"column":19},"end":{"line":148,"column":60}},"51":{"start":{"line":149,"column":4},"end":{"line":150,"column":null}},"52":{"start":{"line":150,"column":8},"end":{"line":150,"column":null}},"53":{"start":{"line":151,"column":4},"end":{"line":151,"column":11}},"54":{"start":{"line":145,"column":0},"end":{"line":145,"column":22}}},"fnMap":{"0":{"name":"getAlleEintraege","decl":{"start":{"line":12,"column":22},"end":{"line":12,"column":38}},"loc":{"start":{"line":12,"column":58},"end":{"line":31,"column":null}}},"1":{"name":"getEintrag","decl":{"start":{"line":38,"column":22},"end":{"line":38,"column":32}},"loc":{"start":{"line":38,"column":43},"end":{"line":55,"column":null}}},"2":{"name":"createEintrag","decl":{"start":{"line":62,"column":22},"end":{"line":62,"column":35}},"loc":{"start":{"line":62,"column":68},"end":{"line":92,"column":null}}},"3":{"name":"updateEintrag","decl":{"start":{"line":101,"column":22},"end":{"line":101,"column":35}},"loc":{"start":{"line":101,"column":68},"end":{"line":137,"column":null}}},"4":{"name":"isDefined","decl":{"start":{"line":119,"column":13},"end":{"line":119,"column":22}},"loc":{"start":{"line":119,"column":29},"end":{"line":121,"column":5}}},"5":{"name":"deleteEintrag","decl":{"start":{"line":145,"column":22},"end":{"line":145,"column":35}},"loc":{"start":{"line":145,"column":46},"end":{"line":152,"column":null}}}},"branchMap":{"0":{"loc":{"start":{"line":14,"column":4},"end":{"line":15,"column":null}},"type":"if","locations":[{"start":{"line":14,"column":4},"end":{"line":15,"column":null}}]},"1":{"loc":{"start":{"line":41,"column":4},"end":{"line":42,"column":63}},"type":"if","locations":[{"start":{"line":41,"column":4},"end":{"line":42,"column":63}}]},"2":{"loc":{"start":{"line":64,"column":4},"end":{"line":66,"column":5}},"type":"if","locations":[{"start":{"line":64,"column":4},"end":{"line":66,"column":5}}]},"3":{"loc":{"start":{"line":68,"column":4},"end":{"line":70,"column":5}},"type":"if","locations":[{"start":{"line":68,"column":4},"end":{"line":70,"column":5}}]},"4":{"loc":{"start":{"line":71,"column":4},"end":{"line":73,"column":5}},"type":"if","locations":[{"start":{"line":71,"column":4},"end":{"line":73,"column":5}}]},"5":{"loc":{"start":{"line":104,"column":4},"end":{"line":106,"column":5}},"type":"if","locations":[{"start":{"line":104,"column":4},"end":{"line":106,"column":5}}]},"6":{"loc":{"start":{"line":108,"column":4},"end":{"line":110,"column":5}},"type":"if","locations":[{"start":{"line":108,"column":4},"end":{"line":110,"column":5}}]},"7":{"loc":{"start":{"line":112,"column":4},"end":{"line":113,"column":null}},"type":"if","locations":[{"start":{"line":112,"column":4},"end":{"line":113,"column":null}}]},"8":{"loc":{"start":{"line":114,"column":4},"end":{"line":115,"column":null}},"type":"if","locations":[{"start":{"line":114,"column":4},"end":{"line":115,"column":null}}]},"9":{"loc":{"start":{"line":116,"column":4},"end":{"line":117,"column":null}},"type":"if","locations":[{"start":{"line":116,"column":4},"end":{"line":117,"column":null}}]},"10":{"loc":{"start":{"line":120,"column":15},"end":{"line":120,"column":44}},"type":"binary-expr","locations":[{"start":{"line":120,"column":15},"end":{"line":120,"column":30}},{"start":{"line":120,"column":34},"end":{"line":120,"column":44}}]},"11":{"loc":{"start":{"line":146,"column":4},"end":{"line":147,"column":null}},"type":"if","locations":[{"start":{"line":146,"column":4},"end":{"line":147,"column":null}}]},"12":{"loc":{"start":{"line":149,"column":4},"end":{"line":150,"column":null}},"type":"if","locations":[{"start":{"line":149,"column":4},"end":{"line":150,"column":null}}]}},"s":{"0":17,"1":17,"2":17,"3":17,"4":17,"5":8,"6":8,"7":1,"8":7,"9":7,"10":7,"11":7,"12":15,"13":7,"14":17,"15":40,"16":39,"17":3,"18":36,"19":36,"20":17,"21":44,"22":44,"23":2,"24":42,"25":42,"26":1,"27":41,"28":1,"29":40,"30":40,"31":17,"32":8,"33":8,"34":1,"35":6,"36":6,"37":2,"38":4,"39":4,"40":4,"41":4,"42":4,"43":1,"44":12,"45":4,"46":4,"47":17,"48":9,"49":1,"50":8,"51":8,"52":1,"53":7,"54":17},"f":{"0":8,"1":40,"2":44,"3":8,"4":12,"5":9},"b":{"0":[1],"1":[3],"2":[2],"3":[1],"4":[1],"5":[1],"6":[2],"7":[4],"8":[4],"9":[1],"10":[12,9],"11":[1],"12":[1]}}
,"C:\\Documents\\_Papierkram\\_BHT\\_SE5\\Web2\\we2.backendfixes\\src\\services\\JWTService.ts": {"path":"C:\\Documents\\_Papierkram\\_BHT\\_SE5\\Web2\\we2.backendfixes\\src\\services\\JWTService.ts","statementMap":{"0":{"start":{"line":1,"column":0},"end":{"line":1,"column":27}},"1":{"start":{"line":2,"column":0},"end":{"line":2,"column":56}},"2":{"start":{"line":4,"column":0},"end":{"line":4,"column":48}},"3":{"start":{"line":5,"column":0},"end":{"line":5,"column":48}},"4":{"start":{"line":11,"column":4},"end":{"line":11,"column":20}},"5":{"start":{"line":13,"column":20},"end":{"line":13,"column":62}},"6":{"start":{"line":14,"column":4},"end":{"line":14,"column":34}},"7":{"start":{"line":14,"column":17},"end":{"line":14,"column":34}},"8":{"start":{"line":18,"column":25},"end":{"line":18,"column":52}},"9":{"start":{"line":19,"column":4},"end":{"line":19,"column":48}},"10":{"start":{"line":19,"column":31},"end":{"line":19,"column":48}},"11":{"start":{"line":21,"column":19},"end":{"line":21,"column":41}},"12":{"start":{"line":22,"column":4},"end":{"line":22,"column":null}},"13":{"start":{"line":22,"column":16},"end":{"line":22,"column":null}},"14":{"start":{"line":24,"column":43},"end":{"line":24,"column":62}},"15":{"start":{"line":25,"column":4},"end":{"line":25,"column":null}},"16":{"start":{"line":25,"column":13},"end":{"line":25,"column":null}},"17":{"start":{"line":26,"column":4},"end":{"line":26,"column":24}},"18":{"start":{"line":30,"column":22},"end":{"line":30,"column":25}},"19":{"start":{"line":31,"column":32},"end":{"line":35,"column":null}},"20":{"start":{"line":36,"column":22},"end":{"line":42,"column":null}},"21":{"start":{"line":46,"column":4},"end":{"line":46,"column":21}},"22":{"start":{"line":10,"column":0},"end":{"line":10,"column":22}},"23":{"start":{"line":50,"column":4},"end":{"line":50,"column":20}},"24":{"start":{"line":51,"column":19},"end":{"line":51,"column":41}},"25":{"start":{"line":52,"column":4},"end":{"line":52,"column":55}},"26":{"start":{"line":52,"column":16},"end":{"line":52,"column":55}},"27":{"start":{"line":54,"column":4},"end":{"line":54,"column":59}},"28":{"start":{"line":54,"column":19},"end":{"line":54,"column":59}},"29":{"start":{"line":55,"column":20},"end":{"line":55,"column":45}},"30":{"start":{"line":60,"column":4},"end":{"line":64,"column":5}},"31":{"start":{"line":61,"column":8},"end":{"line":61,"column":32}},"32":{"start":{"line":62,"column":8},"end":{"line":62,"column":28}},"33":{"start":{"line":63,"column":8},"end":{"line":63,"column":26}},"34":{"start":{"line":65,"column":33},"end":{"line":69,"column":null}},"35":{"start":{"line":71,"column":4},"end":{"line":71,"column":17}},"36":{"start":{"line":49,"column":0},"end":{"line":49,"column":16}}},"fnMap":{"0":{"name":"verifyPasswordAndCreateJWT","decl":{"start":{"line":10,"column":22},"end":{"line":10,"column":48}},"loc":{"start":{"line":10,"column":79},"end":{"line":47,"column":null}}},"1":{"name":"verifyJWT","decl":{"start":{"line":49,"column":16},"end":{"line":49,"column":25}},"loc":{"start":{"line":49,"column":55},"end":{"line":72,"column":1}}}},"branchMap":{"0":{"loc":{"start":{"line":14,"column":4},"end":{"line":14,"column":34}},"type":"if","locations":[{"start":{"line":14,"column":4},"end":{"line":14,"column":34}}]},"1":{"loc":{"start":{"line":19,"column":4},"end":{"line":19,"column":48}},"type":"if","locations":[{"start":{"line":19,"column":4},"end":{"line":19,"column":48}}]},"2":{"loc":{"start":{"line":22,"column":4},"end":{"line":22,"column":null}},"type":"if","locations":[{"start":{"line":22,"column":4},"end":{"line":22,"column":null}}]},"3":{"loc":{"start":{"line":25,"column":4},"end":{"line":25,"column":null}},"type":"if","locations":[{"start":{"line":25,"column":4},"end":{"line":25,"column":null}}]},"4":{"loc":{"start":{"line":52,"column":4},"end":{"line":52,"column":55}},"type":"if","locations":[{"start":{"line":52,"column":4},"end":{"line":52,"column":55}}]},"5":{"loc":{"start":{"line":54,"column":4},"end":{"line":54,"column":59}},"type":"if","locations":[{"start":{"line":54,"column":4},"end":{"line":54,"column":59}}]},"6":{"loc":{"start":{"line":60,"column":4},"end":{"line":64,"column":5}},"type":"if","locations":[{"start":{"line":60,"column":4},"end":{"line":64,"column":5}}]}},"s":{"0":15,"1":15,"2":15,"3":15,"4":71,"5":71,"6":71,"7":1,"8":70,"9":70,"10":1,"11":69,"12":69,"13":1,"14":68,"15":68,"16":0,"17":68,"18":68,"19":68,"20":68,"21":68,"22":15,"23":67,"24":67,"25":67,"26":0,"27":67,"28":0,"29":67,"30":67,"31":67,"32":67,"33":67,"34":67,"35":67,"36":15},"f":{"0":71,"1":67},"b":{"0":[1],"1":[1],"2":[1],"3":[0],"4":[0],"5":[0],"6":[67]}}
,"C:\\Documents\\_Papierkram\\_BHT\\_SE5\\Web2\\we2.backendfixes\\src\\services\\PflegerService.ts": {"path":"C:\\Documents\\_Papierkram\\_BHT\\_SE5\\Web2\\we2.backendfixes\\src\\services\\PflegerService.ts","statementMap":{"0":{"start":{"line":1,"column":0},"end":{"line":1,"column":33}},"1":{"start":{"line":3,"column":0},"end":{"line":3,"column":48}},"2":{"start":{"line":4,"column":0},"end":{"line":4,"column":52}},"3":{"start":{"line":5,"column":0},"end":{"line":5,"column":48}},"4":{"start":{"line":12,"column":20},"end":{"line":12,"column":49}},"5":{"start":{"line":13,"column":28},"end":{"line":13,"column":99}},"6":{"start":{"line":13,"column":48},"end":{"line":13,"column":97}},"7":{"start":{"line":14,"column":4},"end":{"line":14,"column":27}},"8":{"start":{"line":11,"column":0},"end":{"line":11,"column":22}},"9":{"start":{"line":21,"column":16},"end":{"line":21,"column":31}},"10":{"start":{"line":22,"column":19},"end":{"line":22,"column":123}},"11":{"start":{"line":23,"column":4},"end":{"line":23,"column":70}},"12":{"start":{"line":20,"column":0},"end":{"line":20,"column":22}},"13":{"start":{"line":34,"column":4},"end":{"line":35,"column":59}},"14":{"start":{"line":35,"column":8},"end":{"line":35,"column":59}},"15":{"start":{"line":37,"column":19},"end":{"line":37,"column":68}},"16":{"start":{"line":38,"column":4},"end":{"line":39,"column":54}},"17":{"start":{"line":39,"column":8},"end":{"line":39,"column":54}},"18":{"start":{"line":42,"column":16},"end":{"line":42,"column":31}},"19":{"start":{"line":43,"column":4},"end":{"line":44,"column":31}},"20":{"start":{"line":44,"column":8},"end":{"line":44,"column":31}},"21":{"start":{"line":45,"column":4},"end":{"line":46,"column":40}},"22":{"start":{"line":46,"column":8},"end":{"line":46,"column":40}},"23":{"start":{"line":47,"column":4},"end":{"line":48,"column":33}},"24":{"start":{"line":48,"column":8},"end":{"line":48,"column":33}},"25":{"start":{"line":51,"column":8},"end":{"line":51,"column":45}},"26":{"start":{"line":54,"column":4},"end":{"line":54,"column":24}},"27":{"start":{"line":55,"column":4},"end":{"line":55,"column":70}},"28":{"start":{"line":32,"column":0},"end":{"line":32,"column":22}},"29":{"start":{"line":65,"column":19},"end":{"line":65,"column":60}},"30":{"start":{"line":66,"column":4},"end":{"line":67,"column":64}},"31":{"start":{"line":67,"column":8},"end":{"line":67,"column":64}},"32":{"start":{"line":70,"column":27},"end":{"line":70,"column":91}},"33":{"start":{"line":71,"column":4},"end":{"line":74,"column":5}},"34":{"start":{"line":71,"column":17},"end":{"line":71,"column":18}},"35":{"start":{"line":72,"column":19},"end":{"line":72,"column":36}},"36":{"start":{"line":73,"column":8},"end":{"line":73,"column":null}},"37":{"start":{"line":76,"column":4},"end":{"line":76,"column":null}},"38":{"start":{"line":77,"column":4},"end":{"line":77,"column":null}},"39":{"start":{"line":79,"column":4},"end":{"line":79,"column":11}},"40":{"start":{"line":64,"column":0},"end":{"line":64,"column":22}}},"fnMap":{"0":{"name":"getAllePfleger","decl":{"start":{"line":11,"column":22},"end":{"line":11,"column":36}},"loc":{"start":{"line":11,"column":36},"end":{"line":15,"column":null}}},"1":{"name":"(anonymous_9)","decl":{"start":{"line":13,"column":40},"end":{"line":13,"column":43}},"loc":{"start":{"line":13,"column":48},"end":{"line":13,"column":97}}},"2":{"name":"createPfleger","decl":{"start":{"line":20,"column":22},"end":{"line":20,"column":35}},"loc":{"start":{"line":20,"column":68},"end":{"line":24,"column":null}}},"3":{"name":"updatePfleger","decl":{"start":{"line":32,"column":22},"end":{"line":32,"column":35}},"loc":{"start":{"line":32,"column":68},"end":{"line":56,"column":null}}},"4":{"name":"isDefined","decl":{"start":{"line":50,"column":13},"end":{"line":50,"column":22}},"loc":{"start":{"line":50,"column":29},"end":{"line":52,"column":5}}},"5":{"name":"deletePfleger","decl":{"start":{"line":64,"column":22},"end":{"line":64,"column":35}},"loc":{"start":{"line":64,"column":46},"end":{"line":80,"column":null}}}},"branchMap":{"0":{"loc":{"start":{"line":34,"column":4},"end":{"line":35,"column":59}},"type":"if","locations":[{"start":{"line":34,"column":4},"end":{"line":35,"column":59}}]},"1":{"loc":{"start":{"line":38,"column":4},"end":{"line":39,"column":54}},"type":"if","locations":[{"start":{"line":38,"column":4},"end":{"line":39,"column":54}}]},"2":{"loc":{"start":{"line":43,"column":4},"end":{"line":44,"column":31}},"type":"if","locations":[{"start":{"line":43,"column":4},"end":{"line":44,"column":31}}]},"3":{"loc":{"start":{"line":45,"column":4},"end":{"line":46,"column":40}},"type":"if","locations":[{"start":{"line":45,"column":4},"end":{"line":46,"column":40}}]},"4":{"loc":{"start":{"line":47,"column":4},"end":{"line":48,"column":33}},"type":"if","locations":[{"start":{"line":47,"column":4},"end":{"line":48,"column":33}}]},"5":{"loc":{"start":{"line":51,"column":15},"end":{"line":51,"column":44}},"type":"binary-expr","locations":[{"start":{"line":51,"column":15},"end":{"line":51,"column":30}},{"start":{"line":51,"column":34},"end":{"line":51,"column":44}}]},"6":{"loc":{"start":{"line":66,"column":4},"end":{"line":67,"column":64}},"type":"if","locations":[{"start":{"line":66,"column":4},"end":{"line":67,"column":64}}]}},"s":{"0":17,"1":17,"2":17,"3":17,"4":5,"5":5,"6":10,"7":5,"8":17,"9":150,"10":150,"11":148,"12":17,"13":7,"14":2,"15":5,"16":4,"17":1,"18":3,"19":3,"20":3,"21":3,"22":1,"23":3,"24":3,"25":9,"26":3,"27":3,"28":17,"29":10,"30":10,"31":2,"32":8,"33":8,"34":8,"35":3,"36":3,"37":8,"38":8,"39":8,"40":17},"f":{"0":5,"1":10,"2":150,"3":7,"4":9,"5":10},"b":{"0":[2],"1":[1],"2":[3],"3":[1],"4":[3],"5":[9,7],"6":[2]}}
,"C:\\Documents\\_Papierkram\\_BHT\\_SE5\\Web2\\we2.backendfixes\\src\\services\\ProtokollService.ts": {"path":"C:\\Documents\\_Papierkram\\_BHT\\_SE5\\Web2\\we2.backendfixes\\src\\services\\ProtokollService.ts","statementMap":{"0":{"start":{"line":2,"column":0},"end":{"line":2,"column":48}},"1":{"start":{"line":3,"column":0},"end":{"line":3,"column":52}},"2":{"start":{"line":4,"column":0},"end":{"line":4,"column":61}},"3":{"start":{"line":5,"column":0},"end":{"line":5,"column":48}},"4":{"start":{"line":13,"column":16},"end":{"line":13,"column":59}},"5":{"start":{"line":16,"column":4},"end":{"line":19,"column":5}},"6":{"start":{"line":17,"column":8},"end":{"line":17,"column":null}},"7":{"start":{"line":18,"column":8},"end":{"line":18,"column":null}},"8":{"start":{"line":21,"column":35},"end":{"line":21,"column":37}},"9":{"start":{"line":43,"column":4},"end":{"line":45,"column":5}},"10":{"start":{"line":43,"column":17},"end":{"line":43,"column":18}},"11":{"start":{"line":44,"column":8},"end":{"line":44,"column":null}},"12":{"start":{"line":46,"column":4},"end":{"line":46,"column":15}},"13":{"start":{"line":12,"column":0},"end":{"line":12,"column":22}},"14":{"start":{"line":55,"column":17},"end":{"line":55,"column":52}},"15":{"start":{"line":56,"column":4},"end":{"line":57,"column":null}},"16":{"start":{"line":57,"column":8},"end":{"line":57,"column":null}},"17":{"start":{"line":59,"column":20},"end":{"line":59,"column":65}},"18":{"start":{"line":60,"column":22},"end":{"line":60,"column":64}},"19":{"start":{"line":62,"column":16},"end":{"line":62,"column":17}},"20":{"start":{"line":64,"column":4},"end":{"line":66,"column":5}},"21":{"start":{"line":64,"column":17},"end":{"line":64,"column":18}},"22":{"start":{"line":65,"column":8},"end":{"line":65,"column":null}},"23":{"start":{"line":68,"column":4},"end":{"line":78,"column":null}},"24":{"start":{"line":53,"column":0},"end":{"line":53,"column":22}},"25":{"start":{"line":86,"column":15},"end":{"line":86,"column":32}},"26":{"start":{"line":89,"column":33},"end":{"line":89,"column":83}},"27":{"start":{"line":90,"column":4},"end":{"line":94,"column":5}},"28":{"start":{"line":90,"column":16},"end":{"line":90,"column":17}},"29":{"start":{"line":91,"column":8},"end":{"line":93,"column":9}},"30":{"start":{"line":92,"column":12},"end":{"line":92,"column":null}},"31":{"start":{"line":103,"column":4},"end":{"line":107,"column":null}},"32":{"start":{"line":105,"column":24},"end":{"line":105,"column":null}},"33":{"start":{"line":107,"column":28},"end":{"line":107,"column":87}},"34":{"start":{"line":110,"column":19},"end":{"line":113,"column":77}},"35":{"start":{"line":115,"column":4},"end":{"line":125,"column":6}},"36":{"start":{"line":85,"column":0},"end":{"line":85,"column":22}},"37":{"start":{"line":132,"column":15},"end":{"line":132,"column":32}},"38":{"start":{"line":134,"column":33},"end":{"line":134,"column":83}},"39":{"start":{"line":135,"column":4},"end":{"line":139,"column":5}},"40":{"start":{"line":135,"column":16},"end":{"line":135,"column":17}},"41":{"start":{"line":136,"column":8},"end":{"line":138,"column":9}},"42":{"start":{"line":137,"column":12},"end":{"line":137,"column":null}},"43":{"start":{"line":141,"column":19},"end":{"line":141,"column":57}},"44":{"start":{"line":142,"column":4},"end":{"line":143,"column":56}},"45":{"start":{"line":143,"column":8},"end":{"line":143,"column":56}},"46":{"start":{"line":146,"column":4},"end":{"line":147,"column":null}},"47":{"start":{"line":147,"column":8},"end":{"line":147,"column":null}},"48":{"start":{"line":148,"column":4},"end":{"line":149,"column":null}},"49":{"start":{"line":149,"column":8},"end":{"line":149,"column":null}},"50":{"start":{"line":150,"column":4},"end":{"line":151,"column":null}},"51":{"start":{"line":151,"column":8},"end":{"line":151,"column":null}},"52":{"start":{"line":152,"column":4},"end":{"line":153,"column":null}},"53":{"start":{"line":153,"column":8},"end":{"line":153,"column":null}},"54":{"start":{"line":158,"column":8},"end":{"line":158,"column":45}},"55":{"start":{"line":161,"column":20},"end":{"line":161,"column":63}},"56":{"start":{"line":163,"column":4},"end":{"line":163,"column":null}},"57":{"start":{"line":172,"column":4},"end":{"line":172,"column":35}},"58":{"start":{"line":131,"column":0},"end":{"line":131,"column":22}},"59":{"start":{"line":182,"column":19},"end":{"line":182,"column":62}},"60":{"start":{"line":183,"column":4},"end":{"line":184,"column":66}},"61":{"start":{"line":184,"column":8},"end":{"line":184,"column":66}},"62":{"start":{"line":186,"column":4},"end":{"line":186,"column":53}},"63":{"start":{"line":188,"column":4},"end":{"line":188,"column":11}},"64":{"start":{"line":181,"column":0},"end":{"line":181,"column":22}}},"fnMap":{"0":{"name":"getAlleProtokolle","decl":{"start":{"line":12,"column":22},"end":{"line":12,"column":39}},"loc":{"start":{"line":12,"column":58},"end":{"line":47,"column":null}}},"1":{"name":"getProtokoll","decl":{"start":{"line":53,"column":22},"end":{"line":53,"column":34}},"loc":{"start":{"line":53,"column":45},"end":{"line":79,"column":null}}},"2":{"name":"createProtokoll","decl":{"start":{"line":85,"column":22},"end":{"line":85,"column":37}},"loc":{"start":{"line":85,"column":74},"end":{"line":126,"column":null}}},"3":{"name":"(anonymous_13)","decl":{"start":{"line":104,"column":22},"end":{"line":104,"column":23}},"loc":{"start":{"line":104,"column":29},"end":{"line":106,"column":17}}},"4":{"name":"(anonymous_14)","decl":{"start":{"line":107,"column":23},"end":{"line":107,"column":25}},"loc":{"start":{"line":107,"column":27},"end":{"line":107,"column":87}}},"5":{"name":"updateProtokoll","decl":{"start":{"line":131,"column":22},"end":{"line":131,"column":37}},"loc":{"start":{"line":131,"column":74},"end":{"line":173,"column":null}}},"6":{"name":"isDefined","decl":{"start":{"line":157,"column":13},"end":{"line":157,"column":22}},"loc":{"start":{"line":157,"column":29},"end":{"line":159,"column":5}}},"7":{"name":"deleteProtokoll","decl":{"start":{"line":181,"column":22},"end":{"line":181,"column":37}},"loc":{"start":{"line":181,"column":48},"end":{"line":189,"column":null}}}},"branchMap":{"0":{"loc":{"start":{"line":16,"column":4},"end":{"line":19,"column":5}},"type":"if","locations":[{"start":{"line":16,"column":4},"end":{"line":19,"column":5}}]},"1":{"loc":{"start":{"line":56,"column":4},"end":{"line":57,"column":null}},"type":"if","locations":[{"start":{"line":56,"column":4},"end":{"line":57,"column":null}}]},"2":{"loc":{"start":{"line":91,"column":8},"end":{"line":93,"column":9}},"type":"if","locations":[{"start":{"line":91,"column":8},"end":{"line":93,"column":9}}]},"3":{"loc":{"start":{"line":136,"column":8},"end":{"line":138,"column":9}},"type":"if","locations":[{"start":{"line":136,"column":8},"end":{"line":138,"column":9}}]},"4":{"loc":{"start":{"line":142,"column":4},"end":{"line":143,"column":56}},"type":"if","locations":[{"start":{"line":142,"column":4},"end":{"line":143,"column":56}}]},"5":{"loc":{"start":{"line":142,"column":8},"end":{"line":142,"column":26}},"type":"binary-expr","locations":[{"start":{"line":142,"column":8},"end":{"line":142,"column":15}},{"start":{"line":142,"column":20},"end":{"line":142,"column":26}}]},"6":{"loc":{"start":{"line":146,"column":4},"end":{"line":147,"column":null}},"type":"if","locations":[{"start":{"line":146,"column":4},"end":{"line":147,"column":null}}]},"7":{"loc":{"start":{"line":148,"column":4},"end":{"line":149,"column":null}},"type":"if","locations":[{"start":{"line":148,"column":4},"end":{"line":149,"column":null}}]},"8":{"loc":{"start":{"line":150,"column":4},"end":{"line":151,"column":null}},"type":"if","locations":[{"start":{"line":150,"column":4},"end":{"line":151,"column":null}}]},"9":{"loc":{"start":{"line":152,"column":4},"end":{"line":153,"column":null}},"type":"if","locations":[{"start":{"line":152,"column":4},"end":{"line":153,"column":null}}]},"10":{"loc":{"start":{"line":158,"column":15},"end":{"line":158,"column":44}},"type":"binary-expr","locations":[{"start":{"line":158,"column":15},"end":{"line":158,"column":30}},{"start":{"line":158,"column":34},"end":{"line":158,"column":44}}]},"11":{"loc":{"start":{"line":183,"column":4},"end":{"line":184,"column":66}},"type":"if","locations":[{"start":{"line":183,"column":4},"end":{"line":184,"column":66}}]}},"s":{"0":18,"1":18,"2":18,"3":18,"4":8,"5":8,"6":4,"7":4,"8":8,"9":8,"10":8,"11":26,"12":8,"13":18,"14":63,"15":63,"16":4,"17":59,"18":59,"19":59,"20":59,"21":59,"22":33,"23":59,"24":18,"25":143,"26":143,"27":143,"28":143,"29":39,"30":3,"31":140,"32":140,"33":5,"34":135,"35":135,"36":18,"37":4,"38":4,"39":4,"40":4,"41":1,"42":1,"43":3,"44":3,"45":1,"46":2,"47":2,"48":2,"49":2,"50":2,"51":2,"52":2,"53":2,"54":8,"55":2,"56":2,"57":2,"58":18,"59":7,"60":7,"61":1,"62":6,"63":6,"64":18},"f":{"0":8,"1":63,"2":143,"3":140,"4":5,"5":4,"6":8,"7":7},"b":{"0":[4],"1":[4],"2":[3],"3":[1],"4":[1],"5":[3,2],"6":[2],"7":[2],"8":[2],"9":[2],"10":[8,8],"11":[1]}}
,"C:\\Documents\\_Papierkram\\_BHT\\_SE5\\Web2\\we2.backendfixes\\src\\services\\ServiceHelper.ts": {"path":"C:\\Documents\\_Papierkram\\_BHT\\_SE5\\Web2\\we2.backendfixes\\src\\services\\ServiceHelper.ts","statementMap":{"0":{"start":{"line":2,"column":4},"end":{"line":2,"column":97}},"1":{"start":{"line":1,"column":0},"end":{"line":1,"column":16}},"2":{"start":{"line":6,"column":18},"end":{"line":6,"column":39}},"3":{"start":{"line":7,"column":4},"end":{"line":7,"column":60}},"4":{"start":{"line":5,"column":0},"end":{"line":5,"column":16}}},"fnMap":{"0":{"name":"dateToString","decl":{"start":{"line":1,"column":16},"end":{"line":1,"column":28}},"loc":{"start":{"line":1,"column":39},"end":{"line":3,"column":1}}},"1":{"name":"stringToDate","decl":{"start":{"line":5,"column":16},"end":{"line":5,"column":28}},"loc":{"start":{"line":5,"column":47},"end":{"line":8,"column":1}}}},"branchMap":{},"s":{"0":596,"1":23,"2":67,"3":67,"4":23},"f":{"0":596,"1":67},"b":{}}
}
