TN:
SF:src\app.ts
FNF:0
FNH:0
DA:1,14
DA:2,14
DA:4,14
DA:5,14
DA:6,14
DA:7,14
DA:8,14
DA:10,14
DA:13,14
DA:14,14
DA:17,14
DA:21,14
DA:22,14
DA:23,14
DA:25,14
LF:15
LH:15
BRF:0
BRH:0
end_of_record
TN:
SF:src\model\EintragModel.ts
FNF:0
FNH:0
DA:1,25
DA:12,25
DA:22,25
LF:3
LH:3
BRF:0
BRH:0
end_of_record
TN:
SF:src\model\PflegerModel.ts
FN:23,(anonymous_8)
FN:30,(anonymous_10)
FN:38,(anonymous_12)
FNF:3
FNH:3
FNDA:293,(anonymous_8)
FNDA:2,(anonymous_10)
FNDA:145,(anonymous_12)
DA:1,29
DA:2,29
DA:16,29
DA:23,29
DA:24,293
DA:25,291
DA:26,291
DA:30,29
DA:31,2
DA:32,2
DA:33,2
DA:34,2
DA:38,29
DA:39,145
DA:40,1
DA:42,144
DA:43,144
DA:46,29
LF:18
LH:18
BRDA:24,0,0,291
BRDA:32,1,0,2
BRDA:32,2,0,2
BRDA:32,2,1,2
BRDA:39,3,0,1
BRF:5
BRH:5
end_of_record
TN:
SF:src\model\ProtokollModel.ts
FNF:0
FNH:0
DA:1,26
DA:12,26
DA:22,26
LF:3
LH:3
BRF:0
BRH:0
end_of_record
TN:
SF:src\routes\authentication.ts
FN:22,requiresAuthentication
FN:49,optionalAuthentication
FNF:2
FNH:2
FNDA:73,requiresAuthentication
FNDA:18,optionalAuthentication
DA:1,14
DA:2,14
DA:5,14
DA:22,14
DA:24,73
DA:25,73
DA:26,14
DA:28,73
DA:29,73
DA:31,73
DA:32,73
DA:33,59
DA:39,59
DA:40,59
DA:41,59
DA:43,14
DA:44,0
DA:49,14
DA:51,18
DA:52,18
DA:53,5
DA:54,5
DA:56,5
DA:57,5
DA:58,5
DA:63,5
DA:64,5
DA:67,0
DA:68,0
DA:71,18
DA:72,18
LF:31
LH:28
BRDA:25,0,0,14
BRDA:29,1,0,0
BRDA:52,2,0,5
BRDA:54,3,0,0
BRF:4
BRH:2
end_of_record
TN:
SF:src\routes\eintrag.ts
FN:13,(anonymous_8)
FN:13,(anonymous_9)
FN:42,(anonymous_10)
FN:42,(anonymous_11)
FN:73,(anonymous_12)
FN:73,(anonymous_13)
FN:106,(anonymous_14)
FN:106,(anonymous_15)
FNF:8
FNH:8
FNDA:8,(anonymous_8)
FNDA:8,(anonymous_9)
FNDA:9,(anonymous_10)
FNDA:9,(anonymous_11)
FNDA:7,(anonymous_12)
FNDA:7,(anonymous_13)
FNDA:7,(anonymous_14)
FNDA:7,(anonymous_15)
DA:1,14
DA:2,14
DA:4,14
DA:5,14
DA:6,14
DA:8,14
DA:10,14
DA:13,8
DA:14,8
DA:15,8
DA:16,1
DA:18,8
DA:19,8
DA:20,8
DA:21,6
DA:22,6
DA:23,4
DA:24,1
DA:26,6
DA:28,3
DA:34,14
DA:42,9
DA:43,9
DA:44,9
DA:45,4
DA:46,4
DA:48,5
DA:49,5
DA:50,5
DA:51,5
DA:52,2
DA:54,5
DA:55,4
DA:57,3
DA:58,3
DA:63,14
DA:73,7
DA:74,7
DA:75,7
DA:76,3
DA:77,3
DA:79,4
DA:80,4
DA:82,4
DA:83,1
DA:87,1
DA:89,3
DA:90,3
DA:91,3
DA:92,0
DA:93,3
DA:94,2
DA:96,1
DA:97,1
DA:102,14
DA:106,7
DA:107,7
DA:108,7
DA:109,1
DA:111,6
DA:112,6
DA:113,6
DA:114,5
DA:115,5
DA:116,2
DA:117,5
DA:118,5
DA:120,3
DA:121,3
LF:69
LH:68
BRDA:15,0,0,1
BRDA:22,1,0,4
BRDA:23,2,0,1
BRDA:23,3,0,4
BRDA:23,3,1,2
BRDA:44,4,0,4
BRDA:51,5,0,2
BRDA:51,6,0,5
BRDA:51,6,1,4
BRDA:75,7,0,3
BRDA:82,8,0,1
BRDA:91,9,0,0
BRDA:91,10,0,3
BRDA:91,10,1,0
BRDA:108,11,0,1
BRDA:115,12,0,2
BRDA:115,13,0,5
BRDA:115,13,1,2
BRF:18
BRH:16
end_of_record
TN:
SF:src\routes\login.ts
FN:9,(anonymous_8)
FN:9,(anonymous_9)
FN:27,(anonymous_10)
FN:27,(anonymous_11)
FN:48,(anonymous_12)
FN:48,(anonymous_13)
FNF:6
FNH:2
FNDA:68,(anonymous_8)
FNDA:68,(anonymous_9)
FNDA:0,(anonymous_10)
FNDA:0,(anonymous_11)
FNDA:0,(anonymous_12)
FNDA:0,(anonymous_13)
DA:3,14
DA:4,14
DA:5,14
DA:7,14
DA:9,68
DA:10,68
DA:11,68
DA:12,68
DA:14,68
DA:15,68
DA:16,66
DA:17,66
DA:18,66
DA:20,68
DA:22,0
DA:23,0
DA:27,14
DA:28,0
DA:30,0
DA:31,0
DA:32,0
DA:34,0
DA:35,0
DA:36,0
DA:39,0
DA:40,0
DA:41,0
DA:43,0
DA:44,0
DA:48,14
DA:49,0
DA:50,0
LF:32
LH:16
BRDA:15,0,0,66
BRDA:30,1,0,0
BRDA:34,2,0,0
BRF:3
BRH:1
end_of_record
TN:
SF:src\routes\pfleger.ts
FN:9,(anonymous_8)
FN:9,(anonymous_9)
FN:13,(anonymous_10)
FN:13,(anonymous_11)
FN:19,(anonymous_12)
FN:19,(anonymous_13)
FN:32,(anonymous_14)
FN:32,(anonymous_15)
FN:55,(anonymous_16)
FN:55,(anonymous_17)
FN:93,(anonymous_18)
FN:93,(anonymous_19)
FNF:12
FNH:10
FNDA:2,(anonymous_8)
FNDA:2,(anonymous_9)
FNDA:0,(anonymous_10)
FNDA:0,(anonymous_11)
FNDA:2,(anonymous_12)
FNDA:2,(anonymous_13)
FNDA:6,(anonymous_14)
FNDA:6,(anonymous_15)
FNDA:5,(anonymous_16)
FNDA:5,(anonymous_17)
FNDA:4,(anonymous_18)
FNDA:4,(anonymous_19)
DA:1,14
DA:2,14
DA:4,14
DA:5,14
DA:7,14
DA:9,14
DA:10,2
DA:13,14
DA:14,0
DA:17,14
DA:19,2
DA:20,2
DA:21,2
DA:22,2
DA:23,2
DA:25,2
DA:29,14
DA:32,6
DA:33,6
DA:34,6
DA:35,1
DA:37,5
DA:38,5
DA:39,2
DA:40,5
DA:41,5
DA:42,4
DA:44,3
DA:45,3
DA:50,14
DA:55,5
DA:56,5
DA:57,5
DA:58,2
DA:60,3
DA:61,3
DA:62,3
DA:63,0
DA:65,3
DA:66,3
DA:67,1
DA:69,2
DA:70,2
DA:71,2
DA:79,2
DA:80,0
DA:85,14
DA:93,4
DA:94,4
DA:95,4
DA:96,1
DA:98,3
DA:99,3
DA:100,3
DA:101,1
DA:105,1
DA:107,2
DA:108,2
DA:109,0
DA:111,2
DA:112,2
DA:113,1
DA:115,1
DA:116,1
DA:117,0
DA:125,1
DA:126,1
LF:67
LH:62
BRDA:21,0,0,2
BRDA:34,1,0,1
BRDA:38,2,0,2
BRDA:38,3,0,5
BRDA:38,3,1,4
BRDA:57,4,0,2
BRDA:62,5,0,0
BRDA:70,6,0,2
BRDA:95,7,0,1
BRDA:100,8,0,1
BRDA:108,9,0,0
BRDA:116,10,0,0
BRF:12
BRH:9
end_of_record
TN:
SF:src\routes\protokoll.ts
FN:11,(anonymous_8)
FN:11,(anonymous_9)
FN:18,(anonymous_10)
FN:18,(anonymous_11)
FN:43,(anonymous_12)
FN:43,(anonymous_13)
FN:52,(anonymous_14)
FN:52,(anonymous_15)
FN:76,(anonymous_16)
FN:76,(anonymous_17)
FN:108,(anonymous_18)
FN:108,(anonymous_19)
FN:141,(anonymous_20)
FN:141,(anonymous_21)
FNF:14
FNH:14
FNDA:1,(anonymous_8)
FNDA:1,(anonymous_9)
FNDA:4,(anonymous_10)
FNDA:4,(anonymous_11)
FNDA:3,(anonymous_12)
FNDA:3,(anonymous_13)
FNDA:3,(anonymous_14)
FNDA:3,(anonymous_15)
FNDA:5,(anonymous_16)
FNDA:5,(anonymous_17)
FNDA:10,(anonymous_18)
FNDA:10,(anonymous_19)
FNDA:4,(anonymous_20)
FNDA:4,(anonymous_21)
DA:1,14
DA:2,14
DA:3,14
DA:5,14
DA:6,14
DA:7,14
DA:9,14
DA:11,14
DA:12,1
DA:15,14
DA:18,4
DA:19,4
DA:20,4
DA:21,1
DA:23,3
DA:25,3
DA:26,3
DA:27,2
DA:29,0
DA:32,2
DA:33,2
DA:35,1
DA:36,1
DA:41,14
DA:43,3
DA:44,3
DA:45,3
DA:46,3
DA:49,14
DA:52,3
DA:53,3
DA:54,3
DA:55,1
DA:57,2
DA:58,2
DA:59,2
DA:60,1
DA:61,1
DA:62,1
DA:63,1
DA:65,0
DA:67,2
DA:68,2
DA:73,14
DA:76,5
DA:77,5
DA:78,5
DA:79,1
DA:81,4
DA:82,4
DA:83,4
DA:84,4
DA:85,1
DA:86,3
DA:87,3
DA:89,2
DA:90,2
DA:101,14
DA:108,10
DA:109,10
DA:110,10
DA:111,3
DA:113,7
DA:115,7
DA:116,3
DA:117,7
DA:118,7
DA:119,3
DA:121,4
DA:122,4
DA:123,3
DA:124,1
DA:125,1
DA:131,14
DA:141,4
DA:143,4
DA:144,4
DA:145,0
DA:147,4
DA:148,4
DA:149,4
DA:150,2
DA:154,2
DA:156,2
DA:158,2
DA:159,2
DA:160,2
DA:161,0
DA:162,1
DA:163,1
DA:165,1
DA:166,1
LF:92
LH:88
BRDA:20,0,0,1
BRDA:27,1,0,0
BRDA:27,2,0,2
BRDA:27,2,1,0
BRDA:54,3,0,1
BRDA:60,4,0,1
BRDA:62,5,0,1
BRDA:78,6,0,1
BRDA:84,7,0,1
BRDA:110,8,0,3
BRDA:115,9,0,3
BRDA:122,10,0,3
BRDA:144,11,0,0
BRDA:149,12,0,2
BRDA:160,13,0,0
BRF:15
BRH:11
end_of_record
TN:
SF:src\services\AuthenticationService.ts
FN:10,login
FNF:1
FNH:1
FNDA:143,login
DA:1,16
DA:10,16
DA:12,143
DA:13,143
DA:15,141
DA:16,141
DA:17,4
DA:20,137
LF:8
LH:8
BRDA:13,0,0,2
BRDA:16,1,0,4
BRDA:16,1,1,137
BRDA:20,2,0,33
BRDA:20,2,1,104
BRF:5
BRH:5
end_of_record
TN:
SF:src\services\EintragService.ts
FN:12,getAlleEintraege
FN:38,getEintrag
FN:62,createEintrag
FN:101,updateEintrag
FN:119,isDefined
FN:145,deleteEintrag
FNF:6
FNH:6
FNDA:8,getAlleEintraege
FNDA:40,getEintrag
FNDA:44,createEintrag
FNDA:8,updateEintrag
FNDA:12,isDefined
FNDA:9,deleteEintrag
DA:1,17
DA:3,17
DA:4,17
DA:5,17
DA:6,17
DA:12,17
DA:13,8
DA:14,8
DA:15,1
DA:16,7
DA:18,7
DA:27,7
DA:28,15
DA:30,7
DA:38,17
DA:40,40
DA:41,39
DA:42,3
DA:44,36
DA:45,36
DA:62,17
DA:63,44
DA:64,44
DA:65,2
DA:67,42
DA:68,42
DA:69,1
DA:71,41
DA:72,1
DA:75,40
DA:82,40
DA:101,17
DA:102,8
DA:104,8
DA:105,1
DA:107,6
DA:108,6
DA:109,2
DA:112,4
DA:113,4
DA:114,4
DA:115,4
DA:116,4
DA:117,1
DA:120,12
DA:135,4
DA:136,4
DA:145,17
DA:146,9
DA:147,1
DA:148,8
DA:149,8
DA:150,1
DA:151,7
LF:54
LH:54
BRDA:14,0,0,1
BRDA:41,1,0,3
BRDA:64,2,0,2
BRDA:68,3,0,1
BRDA:71,4,0,1
BRDA:104,5,0,1
BRDA:108,6,0,2
BRDA:112,7,0,4
BRDA:114,8,0,4
BRDA:116,9,0,1
BRDA:120,10,0,12
BRDA:120,10,1,9
BRDA:146,11,0,1
BRDA:149,12,0,1
BRF:14
BRH:14
end_of_record
TN:
SF:src\services\JWTService.ts
FN:10,verifyPasswordAndCreateJWT
FN:49,verifyJWT
FNF:2
FNH:2
FNDA:71,verifyPasswordAndCreateJWT
FNDA:67,verifyJWT
DA:1,15
DA:2,15
DA:4,15
DA:5,15
DA:10,15
DA:11,71
DA:13,71
DA:14,71
DA:18,70
DA:19,70
DA:21,69
DA:22,69
DA:24,68
DA:25,68
DA:26,68
DA:30,68
DA:31,68
DA:36,68
DA:46,68
DA:49,15
DA:50,67
DA:51,67
DA:52,67
DA:54,67
DA:55,67
DA:60,67
DA:61,67
DA:62,67
DA:63,67
DA:65,67
DA:71,67
LF:31
LH:31
BRDA:14,0,0,1
BRDA:19,1,0,1
BRDA:22,2,0,1
BRDA:25,3,0,0
BRDA:52,4,0,0
BRDA:54,5,0,0
BRDA:60,6,0,67
BRF:7
BRH:4
end_of_record
TN:
SF:src\services\PflegerService.ts
FN:11,getAllePfleger
FN:13,(anonymous_9)
FN:20,createPfleger
FN:32,updatePfleger
FN:50,isDefined
FN:64,deletePfleger
FNF:6
FNH:6
FNDA:5,getAllePfleger
FNDA:10,(anonymous_9)
FNDA:150,createPfleger
FNDA:7,updatePfleger
FNDA:9,isDefined
FNDA:10,deletePfleger
DA:1,17
DA:3,17
DA:4,17
DA:5,17
DA:11,17
DA:12,5
DA:13,10
DA:14,5
DA:20,17
DA:21,150
DA:22,150
DA:23,148
DA:32,17
DA:34,7
DA:35,2
DA:37,5
DA:38,4
DA:39,1
DA:42,3
DA:43,3
DA:44,3
DA:45,3
DA:46,1
DA:47,3
DA:48,3
DA:51,9
DA:54,3
DA:55,3
DA:64,17
DA:65,10
DA:66,10
DA:67,2
DA:70,8
DA:71,8
DA:72,3
DA:73,3
DA:76,8
DA:77,8
DA:79,8
LF:39
LH:39
BRDA:34,0,0,2
BRDA:38,1,0,1
BRDA:43,2,0,3
BRDA:45,3,0,1
BRDA:47,4,0,3
BRDA:51,5,0,9
BRDA:51,5,1,7
BRDA:66,6,0,2
BRF:8
BRH:8
end_of_record
TN:
SF:src\services\ProtokollService.ts
FN:12,getAlleProtokolle
FN:53,getProtokoll
FN:85,createProtokoll
FN:104,(anonymous_13)
FN:107,(anonymous_14)
FN:131,updateProtokoll
FN:157,isDefined
FN:181,deleteProtokoll
FNF:8
FNH:8
FNDA:8,getAlleProtokolle
FNDA:63,getProtokoll
FNDA:143,createProtokoll
FNDA:140,(anonymous_13)
FNDA:5,(anonymous_14)
FNDA:4,updateProtokoll
FNDA:8,isDefined
FNDA:7,deleteProtokoll
DA:2,18
DA:3,18
DA:4,18
DA:5,18
DA:12,18
DA:13,8
DA:16,8
DA:17,4
DA:18,4
DA:21,8
DA:43,8
DA:44,26
DA:46,8
DA:53,18
DA:55,63
DA:56,63
DA:57,4
DA:59,59
DA:60,59
DA:62,59
DA:64,59
DA:65,33
DA:68,59
DA:85,18
DA:86,143
DA:89,143
DA:90,143
DA:91,39
DA:92,3
DA:103,140
DA:105,140
DA:107,5
DA:110,135
DA:115,135
DA:131,18
DA:132,4
DA:134,4
DA:135,4
DA:136,1
DA:137,1
DA:141,3
DA:142,3
DA:143,1
DA:146,2
DA:147,2
DA:148,2
DA:149,2
DA:150,2
DA:151,2
DA:152,2
DA:153,2
DA:158,8
DA:161,2
DA:163,2
DA:172,2
DA:181,18
DA:182,7
DA:183,7
DA:184,1
DA:186,6
DA:188,6
LF:61
LH:61
BRDA:16,0,0,4
BRDA:56,1,0,4
BRDA:91,2,0,3
BRDA:136,3,0,1
BRDA:142,4,0,1
BRDA:142,5,0,3
BRDA:142,5,1,2
BRDA:146,6,0,2
BRDA:148,7,0,2
BRDA:150,8,0,2
BRDA:152,9,0,2
BRDA:158,10,0,8
BRDA:158,10,1,8
BRDA:183,11,0,1
BRF:14
BRH:14
end_of_record
TN:
SF:src\services\ServiceHelper.ts
FN:1,dateToString
FN:5,stringToDate
FNF:2
FNH:2
FNDA:596,dateToString
FNDA:67,stringToDate
DA:1,23
DA:2,596
DA:5,23
DA:6,67
DA:7,67
LF:5
LH:5
BRF:0
BRH:0
end_of_record
